Release 9.2i - xst J.36
Copyright (c) 1995-2007 Xilinx, Inc.  All rights reserved.
--> Parameter TMPDIR set to ./xst/projnav.tmp
CPU : 0.00 / 0.24 s | Elapsed : 0.00 / 0.00 s
 
--> Parameter xsthdpdir set to ./xst
CPU : 0.00 / 0.25 s | Elapsed : 0.00 / 0.00 s
 
--> Reading design: ea4FlipFlop.prj

TABLE OF CONTENTS
  1) Synthesis Options Summary
  2) HDL Compilation
  3) Design Hierarchy Analysis
  4) HDL Analysis
  5) HDL Synthesis
     5.1) HDL Synthesis Report
  6) Advanced HDL Synthesis
     6.1) Advanced HDL Synthesis Report
  7) Low Level Synthesis
  8) Partition Report
  9) Final Report
     9.1) Device utilization summary
     9.2) Partition Resource Summary
     9.3) TIMING REPORT


=========================================================================
*                      Synthesis Options Summary                        *
=========================================================================
---- Source Parameters
Input File Name                    : "ea4FlipFlop.prj"
Input Format                       : mixed
Ignore Synthesis Constraint File   : NO

---- Target Parameters
Output File Name                   : "ea4FlipFlop"
Output Format                      : NGC
Target Device                      : xc3s500e-4-fg320

---- Source Options
Top Module Name                    : ea4FlipFlop
Automatic FSM Extraction           : YES
FSM Encoding Algorithm             : Auto
Safe Implementation                : No
FSM Style                          : lut
RAM Extraction                     : Yes
RAM Style                          : Auto
ROM Extraction                     : Yes
Mux Style                          : Auto
Decoder Extraction                 : YES
Priority Encoder Extraction        : YES
Shift Register Extraction          : YES
Logical Shifter Extraction         : YES
XOR Collapsing                     : YES
ROM Style                          : Auto
Mux Extraction                     : YES
Resource Sharing                   : YES
Asynchronous To Synchronous        : NO
Multiplier Style                   : auto
Automatic Register Balancing       : No

---- Target Options
Add IO Buffers                     : YES
Global Maximum Fanout              : 500
Add Generic Clock Buffer(BUFG)     : 24
Register Duplication               : YES
Slice Packing                      : YES
Optimize Instantiated Primitives   : NO
Use Clock Enable                   : Yes
Use Synchronous Set                : Yes
Use Synchronous Reset              : Yes
Pack IO Registers into IOBs        : auto
Equivalent register Removal        : YES

---- General Options
Optimization Goal                  : Speed
Optimization Effort                : 1
Library Search Order               : ea4FlipFlop.lso
Keep Hierarchy                     : NO
RTL Output                         : Yes
Global Optimization                : AllClockNets
Read Cores                         : YES
Write Timing Constraints           : NO
Cross Clock Analysis               : NO
Hierarchy Separator                : /
Bus Delimiter                      : <>
Case Specifier                     : maintain
Slice Utilization Ratio            : 100
BRAM Utilization Ratio             : 100
Verilog 2001                       : YES
Auto BRAM Packing                  : NO
Slice Utilization Ratio Delta      : 5

=========================================================================


=========================================================================
*                          HDL Compilation                              *
=========================================================================
Compiling vhdl file "C:/Users/ERIK/Dropbox/cmpen471/projects/pj2erik33/ea2NAND.vhd" in Library work.
Architecture behavioral of Entity ea2nand is up to date.
Compiling vhdl file "C:/Users/ERIK/Dropbox/cmpen471/projects/pj2erik33/eaINVERT.vhd" in Library work.
Architecture behavioral of Entity eainvert is up to date.
Compiling vhdl file "C:/Users/ERIK/Dropbox/cmpen471/projects/pj2erik33/ea2to1MUX.vhd" in Library work.
Architecture behavioral of Entity ea2to1mux is up to date.
Compiling vhdl file "C:/Users/ERIK/Dropbox/cmpen471/projects/pj2erik33/eaDLatch.vhd" in Library work.
Architecture struc of Entity eadlatch is up to date.
Compiling vhdl file "C:/Users/ERIK/Dropbox/cmpen471/projects/pj2erik33/eaFlipFlop.vhd" in Library work.
Architecture behavioral of Entity eaflipflop is up to date.
Compiling vhdl file "C:/Users/ERIK/Dropbox/cmpen471/projects/pj2erik33/ea4Flip.vhd" in Library work.
Entity <ea4flip> compiled.
ERROR:HDLParsers:3010 - "C:/Users/ERIK/Dropbox/cmpen471/projects/pj2erik33/ea4Flip.vhd" Line 36. Entity ea4FlipFlop does not exist.
ERROR:HDLParsers:3312 - "C:/Users/ERIK/Dropbox/cmpen471/projects/pj2erik33/ea4Flip.vhd" Line 38. Undefined symbol 'STD_LOGIC'.
ERROR:HDLParsers:1209 - "C:/Users/ERIK/Dropbox/cmpen471/projects/pj2erik33/ea4Flip.vhd" Line 38. STD_LOGIC: Undefined symbol (last report in this block)
ERROR:HDLParsers:3312 - "C:/Users/ERIK/Dropbox/cmpen471/projects/pj2erik33/ea4Flip.vhd" Line 44. Undefined symbol 'A'.
ERROR:HDLParsers:1209 - "C:/Users/ERIK/Dropbox/cmpen471/projects/pj2erik33/ea4Flip.vhd" Line 44. A: Undefined symbol (last report in this block)
ERROR:HDLParsers:3312 - "C:/Users/ERIK/Dropbox/cmpen471/projects/pj2erik33/ea4Flip.vhd" Line 44. Undefined symbol 'CLK'.
ERROR:HDLParsers:1209 - "C:/Users/ERIK/Dropbox/cmpen471/projects/pj2erik33/ea4Flip.vhd" Line 44. CLK: Undefined symbol (last report in this block)
ERROR:HDLParsers:3312 - "C:/Users/ERIK/Dropbox/cmpen471/projects/pj2erik33/ea4Flip.vhd" Line 44. Undefined symbol 'Q'.
ERROR:HDLParsers:1209 - "C:/Users/ERIK/Dropbox/cmpen471/projects/pj2erik33/ea4Flip.vhd" Line 44. Q: Undefined symbol (last report in this block)
--> 

Total memory usage is 152648 kilobytes

Number of errors   :    9 (   0 filtered)
Number of warnings :    0 (   0 filtered)
Number of infos    :    0 (   0 filtered)

