 command line:
   ./lolol_isim_beh.exe
     -intstyle  ise
     -ipchost  localhost
     -ipcport  51406

Wed Sep 19 12:38:47 2012

Total Line Count : 1673

 Elaboration time : 0.03125 sec.

 Estimate current memory usage : 151.437 Meg. 

 Total Signals          : 542
 Total Nets             : 135
 Total Signal Drivers   : 123
 Total Blocks           : 138
 Total Primitive Blocks : 100
 Total Processes        : 122
 Total Traceable Variables  : 0
 Total Scalar Nets and Variables : 135
ntrace select -o on -m / -l this 
ntrace start 
isimrun 1000 ns 
Simulator is doing circuit initialization process.
Finished circuit initialization process.
isimrun 100000 ns 
isimrun 100000 ns 
