Release 9.2i - xst J.36
Copyright (c) 1995-2007 Xilinx, Inc.  All rights reserved.
--> Parameter TMPDIR set to ./xst/projnav.tmp
CPU : 0.00 / 0.07 s | Elapsed : 0.00 / 0.00 s
 
--> Parameter xsthdpdir set to ./xst
CPU : 0.00 / 0.07 s | Elapsed : 0.00 / 0.00 s
 
--> Reading design: eaCPU.prj

TABLE OF CONTENTS
  1) Synthesis Options Summary
  2) HDL Compilation
  3) Design Hierarchy Analysis
  4) HDL Analysis
  5) HDL Synthesis
     5.1) HDL Synthesis Report
  6) Advanced HDL Synthesis
     6.1) Advanced HDL Synthesis Report
  7) Low Level Synthesis
  8) Partition Report
  9) Final Report
     9.1) Device utilization summary
     9.2) Partition Resource Summary
     9.3) TIMING REPORT


=========================================================================
*                      Synthesis Options Summary                        *
=========================================================================
---- Source Parameters
Input File Name                    : "eaCPU.prj"
Input Format                       : mixed
Ignore Synthesis Constraint File   : NO

---- Target Parameters
Output File Name                   : "eaCPU"
Output Format                      : NGC
Target Device                      : xc3s500e-4-fg320

---- Source Options
Top Module Name                    : eaCPU
Automatic FSM Extraction           : YES
FSM Encoding Algorithm             : Auto
Safe Implementation                : No
FSM Style                          : lut
RAM Extraction                     : Yes
RAM Style                          : Auto
ROM Extraction                     : Yes
Mux Style                          : Auto
Decoder Extraction                 : YES
Priority Encoder Extraction        : YES
Shift Register Extraction          : YES
Logical Shifter Extraction         : YES
XOR Collapsing                     : YES
ROM Style                          : Auto
Mux Extraction                     : YES
Resource Sharing                   : YES
Asynchronous To Synchronous        : NO
Multiplier Style                   : auto
Automatic Register Balancing       : No

---- Target Options
Add IO Buffers                     : YES
Global Maximum Fanout              : 500
Add Generic Clock Buffer(BUFG)     : 24
Register Duplication               : YES
Slice Packing                      : YES
Optimize Instantiated Primitives   : NO
Use Clock Enable                   : Yes
Use Synchronous Set                : Yes
Use Synchronous Reset              : Yes
Pack IO Registers into IOBs        : auto
Equivalent register Removal        : YES

---- General Options
Optimization Goal                  : Speed
Optimization Effort                : 1
Library Search Order               : eaCPU.lso
Keep Hierarchy                     : NO
RTL Output                         : Yes
Global Optimization                : AllClockNets
Read Cores                         : YES
Write Timing Constraints           : NO
Cross Clock Analysis               : NO
Hierarchy Separator                : /
Bus Delimiter                      : <>
Case Specifier                     : maintain
Slice Utilization Ratio            : 100
BRAM Utilization Ratio             : 100
Verilog 2001                       : YES
Auto BRAM Packing                  : NO
Slice Utilization Ratio Delta      : 5

=========================================================================


=========================================================================
*                          HDL Compilation                              *
=========================================================================
Compiling vhdl file "C:/Users/ERIK/Dropbox/cmpen471/projects/pj5_beta/ea2NAND.vhd" in Library work.
Architecture behavioral of Entity ea2nand is up to date.
Compiling vhdl file "C:/Users/ERIK/Dropbox/cmpen471/projects/pj5_beta/eaINVERT.vhd" in Library work.
Architecture behavioral of Entity eainvert is up to date.
Compiling vhdl file "C:/Users/ERIK/Dropbox/cmpen471/projects/pj5_beta/ea2to1MUX.vhd" in Library work.
Architecture struct of Entity ea2to1mux is up to date.
Compiling vhdl file "C:/Users/ERIK/Dropbox/cmpen471/projects/pj5_beta/eaDLatch.vhd" in Library work.
Architecture struc of Entity eadlatch is up to date.
Compiling vhdl file "C:/Users/ERIK/Dropbox/cmpen471/projects/pj5_beta/eaFlipFlop.vhd" in Library work.
Architecture struct of Entity eaflipflop is up to date.
Compiling vhdl file "C:/Users/ERIK/Dropbox/cmpen471/projects/pj5_beta/ea3NAND.vhd" in Library work.
Architecture behavioral of Entity ea3nand is up to date.
Compiling vhdl file "C:/Users/ERIK/Dropbox/cmpen471/projects/pj5_beta/ea4NAND.vhd" in Library work.
Architecture behavioral of Entity ea4nand is up to date.
Compiling vhdl file "C:/Users/ERIK/Dropbox/cmpen471/projects/pj5_beta/ea6Flip.vhd" in Library work.
Architecture struct of Entity ea6flip is up to date.
Compiling vhdl file "C:/Users/ERIK/Dropbox/cmpen471/projects/pj5_beta/ea6bitMUX.vhd" in Library work.
Architecture struct of Entity ea6bitmux is up to date.
Compiling vhdl file "C:/Users/ERIK/Dropbox/cmpen471/projects/pj5_beta/ea2AND.vhd" in Library work.
Architecture behavioral of Entity ea2and is up to date.
Compiling vhdl file "C:/Users/ERIK/Dropbox/cmpen471/projects/pj5_beta/ea3AND.vhd" in Library work.
Architecture behavioral of Entity ea3and is up to date.
Compiling vhdl file "C:/Users/ERIK/Dropbox/cmpen471/projects/pj5_beta/ea1bitadder.vhd" in Library work.
Architecture behavioral of Entity ea1bitadder is up to date.
Compiling vhdl file "C:/Users/ERIK/Dropbox/cmpen471/projects/pj5_beta/eaSM.vhd" in Library work.
Architecture struct of Entity easm is up to date.
Compiling vhdl file "C:/Users/ERIK/Dropbox/cmpen471/projects/pj5_beta/eaID.vhd" in Library work.
Architecture struct of Entity eaid is up to date.
Compiling vhdl file "C:/Users/ERIK/Dropbox/cmpen471/projects/pj5_beta/eaIR.vhd" in Library work.
Architecture struct of Entity eair is up to date.
Compiling vhdl file "C:/Users/ERIK/Dropbox/cmpen471/projects/pj5_beta/eainvbuf.vhd" in Library work.
Architecture behavioral of Entity eainvbuf is up to date.
Compiling vhdl file "C:/Users/ERIK/Dropbox/cmpen471/projects/pj5_beta/eaSINVERTER.vhd" in Library work.
Architecture behavioral of Entity easinverter is up to date.
Compiling vhdl file "C:/Users/ERIK/Dropbox/cmpen471/projects/pj5_beta/eaadd6bit.vhd" in Library work.
Architecture struct of Entity eaadd6bit is up to date.
Compiling vhdl file "C:/Users/ERIK/Dropbox/cmpen471/projects/pj5_beta/ea6PCf.vhd" in Library work.
Architecture struct of Entity ea6pcf is up to date.
Compiling vhdl file "C:/Users/ERIK/Dropbox/cmpen471/projects/pj5_beta/eaOBnon.vhd" in Library work.
Architecture struct of Entity eaobnon is up to date.
Compiling vhdl file "C:/Users/ERIK/Dropbox/cmpen471/projects/pj5_beta/eaCU.vhd" in Library work.
Architecture struct of Entity eacu is up to date.
Compiling vhdl file "C:/Users/ERIK/Dropbox/cmpen471/projects/pj5_beta/eaCPU.vhd" in Library work.
Architecture struct of Entity eacpu is up to date.

=========================================================================
*                     Design Hierarchy Analysis                         *
=========================================================================
Analyzing hierarchy for entity <eaCPU> in library <work> (architecture <struct>).

Analyzing hierarchy for entity <ea6PCf> in library <work> (architecture <struct>).

Analyzing hierarchy for entity <ea6bitMUX> in library <work> (architecture <struct>).

Analyzing hierarchy for entity <ea6Flip> in library <work> (architecture <struct>).

Analyzing hierarchy for entity <eaOBnon> in library <work> (architecture <struct>).

Analyzing hierarchy for entity <eaCU> in library <work> (architecture <struct>).

Analyzing hierarchy for entity <eaadd6bit> in library <work> (architecture <struct>).

Analyzing hierarchy for entity <ea2to1MUX> in library <work> (architecture <struct>).

Analyzing hierarchy for entity <eaFlipFlop> in library <work> (architecture <struct>).

Analyzing hierarchy for entity <eainvbuf> in library <work> (architecture <behavioral>).

Analyzing hierarchy for entity <eaSINVERTER> in library <work> (architecture <behavioral>).

Analyzing hierarchy for entity <eaSM> in library <work> (architecture <struct>).

Analyzing hierarchy for entity <eaID> in library <work> (architecture <struct>).

Analyzing hierarchy for entity <eaIR> in library <work> (architecture <struct>).

Analyzing hierarchy for entity <ea1bitadder> in library <work> (architecture <behavioral>).

Analyzing hierarchy for entity <ea2NAND> in library <work> (architecture <behavioral>).

Analyzing hierarchy for entity <eaINVERT> in library <work> (architecture <behavioral>).

Analyzing hierarchy for entity <eaDlatch> in library <work> (architecture <struc>).

Analyzing hierarchy for entity <eaFlipFlop> in library <work> (architecture <struct>).

Analyzing hierarchy for entity <ea2to1MUX> in library <work> (architecture <struct>).

Analyzing hierarchy for entity <ea2AND> in library <work> (architecture <behavioral>).

Analyzing hierarchy for entity <ea3AND> in library <work> (architecture <behavioral>).

Analyzing hierarchy for entity <ea6Flip> in library <work> (architecture <struct>).

Analyzing hierarchy for entity <ea6bitMUX> in library <work> (architecture <struct>).

Analyzing hierarchy for entity <ea3NAND> in library <work> (architecture <behavioral>).

Analyzing hierarchy for entity <ea4NAND> in library <work> (architecture <behavioral>).

Analyzing hierarchy for entity <eaDlatch> in library <work> (architecture <struc>).

Analyzing hierarchy for entity <eaINVERT> in library <work> (architecture <behavioral>).

Analyzing hierarchy for entity <ea2NAND> in library <work> (architecture <behavioral>).

Analyzing hierarchy for entity <eaFlipFlop> in library <work> (architecture <struct>).

Analyzing hierarchy for entity <ea2to1MUX> in library <work> (architecture <struct>).

Analyzing hierarchy for entity <eaDlatch> in library <work> (architecture <struc>).

Analyzing hierarchy for entity <eaINVERT> in library <work> (architecture <behavioral>).

Analyzing hierarchy for entity <ea2NAND> in library <work> (architecture <behavioral>).

Analyzing hierarchy for entity <ea2to1MUX> in library <work> (architecture <struct>).

Analyzing hierarchy for entity <ea2NAND> in library <work> (architecture <behavioral>).

Analyzing hierarchy for entity <eaINVERT> in library <work> (architecture <behavioral>).


=========================================================================
*                            HDL Analysis                               *
=========================================================================
Analyzing Entity <eaCPU> in library <work> (Architecture <struct>).
WARNING:Xst:753 - "C:/Users/ERIK/Dropbox/cmpen471/projects/pj5_beta/eaCPU.vhd" line 113: Unconnected output port 'SUM' of component 'ea6PCf'.
WARNING:Xst:753 - "C:/Users/ERIK/Dropbox/cmpen471/projects/pj5_beta/eaCPU.vhd" line 113: Unconnected output port 'C' of component 'ea6PCf'.
Entity <eaCPU> analyzed. Unit <eaCPU> generated.

Analyzing Entity <ea6PCf> in library <work> (Architecture <struct>).
Entity <ea6PCf> analyzed. Unit <ea6PCf> generated.

Analyzing Entity <eaadd6bit> in library <work> (Architecture <struct>).
Entity <eaadd6bit> analyzed. Unit <eaadd6bit> generated.

Analyzing Entity <ea1bitadder> in library <work> (Architecture <behavioral>).
Entity <ea1bitadder> analyzed. Unit <ea1bitadder> generated.

Analyzing Entity <eaINVERT> in library <work> (Architecture <behavioral>).
Entity <eaINVERT> analyzed. Unit <eaINVERT> generated.

Analyzing Entity <ea2NAND> in library <work> (Architecture <behavioral>).
Entity <ea2NAND> analyzed. Unit <ea2NAND> generated.

Analyzing Entity <ea3NAND> in library <work> (Architecture <behavioral>).
Entity <ea3NAND> analyzed. Unit <ea3NAND> generated.

Analyzing Entity <ea4NAND> in library <work> (Architecture <behavioral>).
Entity <ea4NAND> analyzed. Unit <ea4NAND> generated.

Analyzing Entity <ea6bitMUX> in library <work> (Architecture <struct>).
Entity <ea6bitMUX> analyzed. Unit <ea6bitMUX> generated.

Analyzing Entity <ea2to1MUX> in library <work> (Architecture <struct>).
Entity <ea2to1MUX> analyzed. Unit <ea2to1MUX> generated.

Analyzing Entity <ea6Flip> in library <work> (Architecture <struct>).
Entity <ea6Flip> analyzed. Unit <ea6Flip> generated.

Analyzing Entity <eaFlipFlop> in library <work> (Architecture <struct>).
Entity <eaFlipFlop> analyzed. Unit <eaFlipFlop> generated.

Analyzing Entity <eaDlatch> in library <work> (Architecture <struc>).
Entity <eaDlatch> analyzed. Unit <eaDlatch> generated.

Analyzing Entity <eaOBnon> in library <work> (Architecture <struct>).
Entity <eaOBnon> analyzed. Unit <eaOBnon> generated.

Analyzing Entity <eainvbuf> in library <work> (Architecture <behavioral>).
Entity <eainvbuf> analyzed. Unit <eainvbuf> generated.

Analyzing Entity <eaSINVERTER> in library <work> (Architecture <behavioral>).
Entity <eaSINVERTER> analyzed. Unit <eaSINVERTER> generated.

Analyzing Entity <eaCU> in library <work> (Architecture <struct>).
Entity <eaCU> analyzed. Unit <eaCU> generated.

Analyzing Entity <eaSM> in library <work> (Architecture <struct>).
Entity <eaSM> analyzed. Unit <eaSM> generated.

Analyzing Entity <eaID> in library <work> (Architecture <struct>).
Entity <eaID> analyzed. Unit <eaID> generated.

Analyzing Entity <ea2AND> in library <work> (Architecture <behavioral>).
Entity <ea2AND> analyzed. Unit <ea2AND> generated.

Analyzing Entity <ea3AND> in library <work> (Architecture <behavioral>).
Entity <ea3AND> analyzed. Unit <ea3AND> generated.

Analyzing Entity <eaIR> in library <work> (Architecture <struct>).
Entity <eaIR> analyzed. Unit <eaIR> generated.


=========================================================================
*                           HDL Synthesis                               *
=========================================================================

Performing bidirectional port resolution...

Synthesizing Unit <eaINVERT>.
    Related source file is "C:/Users/ERIK/Dropbox/cmpen471/projects/pj5_beta/eaINVERT.vhd".
Unit <eaINVERT> synthesized.


Synthesizing Unit <ea2NAND>.
    Related source file is "C:/Users/ERIK/Dropbox/cmpen471/projects/pj5_beta/ea2NAND.vhd".
Unit <ea2NAND> synthesized.


Synthesizing Unit <ea3NAND>.
    Related source file is "C:/Users/ERIK/Dropbox/cmpen471/projects/pj5_beta/ea3NAND.vhd".
Unit <ea3NAND> synthesized.


Synthesizing Unit <ea4NAND>.
    Related source file is "C:/Users/ERIK/Dropbox/cmpen471/projects/pj5_beta/ea4NAND.vhd".
Unit <ea4NAND> synthesized.


Synthesizing Unit <eainvbuf>.
    Related source file is "C:/Users/ERIK/Dropbox/cmpen471/projects/pj5_beta/eainvbuf.vhd".
    Found 1-bit tristate buffer for signal <z>.
    Summary:
	inferred   1 Tristate(s).
Unit <eainvbuf> synthesized.


Synthesizing Unit <eaSINVERTER>.
    Related source file is "C:/Users/ERIK/Dropbox/cmpen471/projects/pj5_beta/eaSINVERTER.vhd".
Unit <eaSINVERTER> synthesized.


Synthesizing Unit <ea2AND>.
    Related source file is "C:/Users/ERIK/Dropbox/cmpen471/projects/pj5_beta/ea2AND.vhd".
Unit <ea2AND> synthesized.


Synthesizing Unit <ea3AND>.
    Related source file is "C:/Users/ERIK/Dropbox/cmpen471/projects/pj5_beta/ea3AND.vhd".
Unit <ea3AND> synthesized.


Synthesizing Unit <eaOBnon>.
    Related source file is "C:/Users/ERIK/Dropbox/cmpen471/projects/pj5_beta/eaOBnon.vhd".
Unit <eaOBnon> synthesized.


Synthesizing Unit <ea1bitadder>.
    Related source file is "C:/Users/ERIK/Dropbox/cmpen471/projects/pj5_beta/ea1bitadder.vhd".
Unit <ea1bitadder> synthesized.


Synthesizing Unit <ea2to1MUX>.
    Related source file is "C:/Users/ERIK/Dropbox/cmpen471/projects/pj5_beta/ea2to1MUX.vhd".
Unit <ea2to1MUX> synthesized.


Synthesizing Unit <eaID>.
    Related source file is "C:/Users/ERIK/Dropbox/cmpen471/projects/pj5_beta/eaID.vhd".
WARNING:Xst:647 - Input <IR<2:0>> is never used.
WARNING:Xst:1780 - Signal <AB> is never used or assigned.
Unit <eaID> synthesized.


Synthesizing Unit <ea6bitMUX>.
    Related source file is "C:/Users/ERIK/Dropbox/cmpen471/projects/pj5_beta/ea6bitMUX.vhd".
WARNING:Xst:1780 - Signal <M2> is never used or assigned.
WARNING:Xst:1780 - Signal <M3> is never used or assigned.
WARNING:Xst:1780 - Signal <M4> is never used or assigned.
Unit <ea6bitMUX> synthesized.


Synthesizing Unit <eaadd6bit>.
    Related source file is "C:/Users/ERIK/Dropbox/cmpen471/projects/pj5_beta/eaadd6bit.vhd".
Unit <eaadd6bit> synthesized.


Synthesizing Unit <eaDlatch>.
    Related source file is "C:/Users/ERIK/Dropbox/cmpen471/projects/pj5_beta/eaDLatch.vhd".
Unit <eaDlatch> synthesized.


Synthesizing Unit <eaFlipFlop>.
    Related source file is "C:/Users/ERIK/Dropbox/cmpen471/projects/pj5_beta/eaFlipFlop.vhd".
Unit <eaFlipFlop> synthesized.


Synthesizing Unit <ea6Flip>.
    Related source file is "C:/Users/ERIK/Dropbox/cmpen471/projects/pj5_beta/ea6Flip.vhd".
Unit <ea6Flip> synthesized.


Synthesizing Unit <eaSM>.
    Related source file is "C:/Users/ERIK/Dropbox/cmpen471/projects/pj5_beta/eaSM.vhd".
Unit <eaSM> synthesized.


Synthesizing Unit <ea6PCf>.
    Related source file is "C:/Users/ERIK/Dropbox/cmpen471/projects/pj5_beta/ea6PCf.vhd".
WARNING:Xst:647 - Input <Cin> is never used.
WARNING:Xst:646 - Signal <FA> is assigned but never used.
Unit <ea6PCf> synthesized.


Synthesizing Unit <eaIR>.
    Related source file is "C:/Users/ERIK/Dropbox/cmpen471/projects/pj5_beta/eaIR.vhd".
Unit <eaIR> synthesized.


Synthesizing Unit <eaCU>.
    Related source file is "C:/Users/ERIK/Dropbox/cmpen471/projects/pj5_beta/eaCU.vhd".
Unit <eaCU> synthesized.


Synthesizing Unit <eaCPU>.
    Related source file is "C:/Users/ERIK/Dropbox/cmpen471/projects/pj5_beta/eaCPU.vhd".
WARNING:Xst:1780 - Signal <D0> is never used or assigned.
WARNING:Xst:1780 - Signal <TESTS> is never used or assigned.
WARNING:Xst:1780 - Signal <A0> is never used or assigned.
WARNING:Xst:1780 - Signal <A1> is never used or assigned.
Unit <eaCPU> synthesized.


=========================================================================
HDL Synthesis Report

Macro Statistics
# Tristates                                            : 6
 1-bit tristate buffer                                 : 6

=========================================================================

=========================================================================
*                       Advanced HDL Synthesis                          *
=========================================================================

Loading device for application Rf_Device from file '3s500e.nph' in environment C:\Xilinx92i.
WARNING:Xst:1290 - Hierarchical block <gate4> is unconnected in block <gate1>.
   It will be removed from the design.
WARNING:Xst:1290 - Hierarchical block <gate5> is unconnected in block <gate1>.
   It will be removed from the design.
WARNING:Xst:1290 - Hierarchical block <gate6> is unconnected in block <gate1>.
   It will be removed from the design.
WARNING:Xst:1290 - Hierarchical block <gate7> is unconnected in block <gate1>.
   It will be removed from the design.
WARNING:Xst:1290 - Hierarchical block <gate4> is unconnected in block <gate0>.
   It will be removed from the design.
WARNING:Xst:1290 - Hierarchical block <gate5> is unconnected in block <gate0>.
   It will be removed from the design.
WARNING:Xst:1290 - Hierarchical block <gate6> is unconnected in block <gate0>.
   It will be removed from the design.
WARNING:Xst:1290 - Hierarchical block <gate4> is unconnected in block <gate1>.
   It will be removed from the design.
WARNING:Xst:1290 - Hierarchical block <gate5> is unconnected in block <gate1>.
   It will be removed from the design.
WARNING:Xst:1290 - Hierarchical block <gate6> is unconnected in block <gate1>.
   It will be removed from the design.
WARNING:Xst:1290 - Hierarchical block <gate1> is unconnected in block <gate1>.
   It will be removed from the design.
WARNING:Xst:1290 - Hierarchical block <gate4> is unconnected in block <gate1>.
   It will be removed from the design.
WARNING:Xst:1290 - Hierarchical block <gate1> is unconnected in block <gate2>.
   It will be removed from the design.
WARNING:Xst:1290 - Hierarchical block <gate4> is unconnected in block <gate2>.
   It will be removed from the design.
WARNING:Xst:1290 - Hierarchical block <gate1> is unconnected in block <gate3>.
   It will be removed from the design.
WARNING:Xst:1290 - Hierarchical block <gate4> is unconnected in block <gate3>.
   It will be removed from the design.
WARNING:Xst:1290 - Hierarchical block <gate1> is unconnected in block <gate4>.
   It will be removed from the design.
WARNING:Xst:1290 - Hierarchical block <gate4> is unconnected in block <gate4>.
   It will be removed from the design.
WARNING:Xst:1290 - Hierarchical block <gate1> is unconnected in block <gate5>.
   It will be removed from the design.
WARNING:Xst:1290 - Hierarchical block <gate4> is unconnected in block <gate5>.
   It will be removed from the design.
WARNING:Xst:1290 - Hierarchical block <gate1> is unconnected in block <gate6>.
   It will be removed from the design.
WARNING:Xst:1290 - Hierarchical block <gate4> is unconnected in block <gate6>.
   It will be removed from the design.
WARNING:Xst:1290 - Hierarchical block <gate3> is unconnected in block <gate1>.
   It will be removed from the design.
WARNING:Xst:1290 - Hierarchical block <gate8> is unconnected in block <gate1>.
   It will be removed from the design.
WARNING:Xst:1290 - Hierarchical block <gate9> is unconnected in block <gate1>.
   It will be removed from the design.
WARNING:Xst:1290 - Hierarchical block <gate3> is unconnected in block <gate2>.
   It will be removed from the design.
WARNING:Xst:1290 - Hierarchical block <gate4> is unconnected in block <gate2>.
   It will be removed from the design.
WARNING:Xst:1290 - Hierarchical block <gate5> is unconnected in block <gate2>.
   It will be removed from the design.
WARNING:Xst:1290 - Hierarchical block <gate8> is unconnected in block <gate2>.
   It will be removed from the design.
WARNING:Xst:1290 - Hierarchical block <gate9> is unconnected in block <gate2>.
   It will be removed from the design.
WARNING:Xst:1290 - Hierarchical block <gate3> is unconnected in block <gate3>.
   It will be removed from the design.
WARNING:Xst:1290 - Hierarchical block <gate4> is unconnected in block <gate3>.
   It will be removed from the design.
WARNING:Xst:1290 - Hierarchical block <gate5> is unconnected in block <gate3>.
   It will be removed from the design.
WARNING:Xst:1290 - Hierarchical block <gate8> is unconnected in block <gate3>.
   It will be removed from the design.
WARNING:Xst:1290 - Hierarchical block <gate9> is unconnected in block <gate3>.
   It will be removed from the design.
WARNING:Xst:1290 - Hierarchical block <gate3> is unconnected in block <gate4>.
   It will be removed from the design.
WARNING:Xst:1290 - Hierarchical block <gate4> is unconnected in block <gate4>.
   It will be removed from the design.
WARNING:Xst:1290 - Hierarchical block <gate5> is unconnected in block <gate4>.
   It will be removed from the design.
WARNING:Xst:1290 - Hierarchical block <gate8> is unconnected in block <gate4>.
   It will be removed from the design.
WARNING:Xst:1290 - Hierarchical block <gate9> is unconnected in block <gate4>.
   It will be removed from the design.
WARNING:Xst:1290 - Hierarchical block <gate3> is unconnected in block <gate5>.
   It will be removed from the design.
WARNING:Xst:1290 - Hierarchical block <gate4> is unconnected in block <gate5>.
   It will be removed from the design.
WARNING:Xst:1290 - Hierarchical block <gate5> is unconnected in block <gate5>.
   It will be removed from the design.
WARNING:Xst:1290 - Hierarchical block <gate8> is unconnected in block <gate5>.
   It will be removed from the design.
WARNING:Xst:1290 - Hierarchical block <gate9> is unconnected in block <gate5>.
   It will be removed from the design.
WARNING:Xst:1290 - Hierarchical block <gate1> is unconnected in block <gate6>.
   It will be removed from the design.
WARNING:Xst:1290 - Hierarchical block <gate3> is unconnected in block <gate6>.
   It will be removed from the design.
WARNING:Xst:1290 - Hierarchical block <gate4> is unconnected in block <gate6>.
   It will be removed from the design.
WARNING:Xst:1290 - Hierarchical block <gate6> is unconnected in block <gate6>.
   It will be removed from the design.
WARNING:Xst:1290 - Hierarchical block <gate8> is unconnected in block <gate6>.
   It will be removed from the design.
WARNING:Xst:1290 - Hierarchical block <gate10> is unconnected in block <gate6>.
   It will be removed from the design.
WARNING:Xst:1290 - Hierarchical block <gate11> is unconnected in block <gate6>.
   It will be removed from the design.
WARNING:Xst:1290 - Hierarchical block <gate1> is unconnected in block <gate2>.
   It will be removed from the design.
WARNING:Xst:1290 - Hierarchical block <gate4> is unconnected in block <gate2>.
   It will be removed from the design.
WARNING:Xst:1290 - Hierarchical block <gate2> is unconnected in block <gate1>.
   It will be removed from the design.
WARNING:Xst:1290 - Hierarchical block <gate2> is unconnected in block <gate2>.
   It will be removed from the design.
WARNING:Xst:1290 - Hierarchical block <gate2> is unconnected in block <gate3>.
   It will be removed from the design.

=========================================================================
Advanced HDL Synthesis Report

Found no macro
=========================================================================

=========================================================================
*                         Low Level Synthesis                           *
=========================================================================
WARNING:Xst:2170 - Unit eaCPU : the following signal(s) form a combinatorial loop: gate2/gate5/Q1.
WARNING:Xst:2170 - Unit eaCPU : the following signal(s) form a combinatorial loop: gate4/A1.
WARNING:Xst:2170 - Unit eaCPU : the following signal(s) form a combinatorial loop: TEST<3>.
WARNING:Xst:2170 - Unit eaCPU : the following signal(s) form a combinatorial loop: gate4/IRo<4>.
WARNING:Xst:2170 - Unit eaCPU : the following signal(s) form a combinatorial loop: TEST<2>.
WARNING:Xst:2170 - Unit eaCPU : the following signal(s) form a combinatorial loop: gate4/gate2/gate0/gate3/Q1.
WARNING:Xst:2170 - Unit eaCPU : the following signal(s) form a combinatorial loop: gate2/gate2/Q1.
WARNING:Xst:2170 - Unit eaCPU : the following signal(s) form a combinatorial loop: TEST<1>.
WARNING:Xst:2170 - Unit eaCPU : the following signal(s) form a combinatorial loop: iadr<5>.
WARNING:Xst:2170 - Unit eaCPU : the following signal(s) form a combinatorial loop: gate4/gate2/gate0/gate1/Q1.
WARNING:Xst:2170 - Unit eaCPU : the following signal(s) form a combinatorial loop: gate0/gate2/gate4/gate1/gate1/M0.
WARNING:Xst:2170 - Unit eaCPU : the following signal(s) form a combinatorial loop: TEST<0>.
WARNING:Xst:2170 - Unit eaCPU : the following signal(s) form a combinatorial loop: iadr<4>.
WARNING:Xst:2170 - Unit eaCPU : the following signal(s) form a combinatorial loop: gate4/IRo<5>.
WARNING:Xst:2170 - Unit eaCPU : the following signal(s) form a combinatorial loop: iadr<3>.
WARNING:Xst:2170 - Unit eaCPU : the following signal(s) form a combinatorial loop: gate2/gate4/Q1.
WARNING:Xst:2170 - Unit eaCPU : the following signal(s) form a combinatorial loop: gate0/gate2/gate3/gate1/gate1/M0.
WARNING:Xst:2170 - Unit eaCPU : the following signal(s) form a combinatorial loop: iadr<2>.
WARNING:Xst:2170 - Unit eaCPU : the following signal(s) form a combinatorial loop: gate0/gate2/gate2/gate1/gate1/M0.
WARNING:Xst:2170 - Unit eaCPU : the following signal(s) form a combinatorial loop: iadr<1>.
WARNING:Xst:2170 - Unit eaCPU : the following signal(s) form a combinatorial loop: SDM.
WARNING:Xst:2170 - Unit eaCPU : the following signal(s) form a combinatorial loop: gate4/gate2/gate0/gate2/Q1.
WARNING:Xst:2170 - Unit eaCPU : the following signal(s) form a combinatorial loop: gate0/gate2/gate6/gate1/gate1/M0.
WARNING:Xst:2170 - Unit eaCPU : the following signal(s) form a combinatorial loop: iadr<0>.
WARNING:Xst:2170 - Unit eaCPU : the following signal(s) form a combinatorial loop: gate2/gate1/Q1.
WARNING:Xst:2170 - Unit eaCPU : the following signal(s) form a combinatorial loop: gate4/gate0/gate0/gate1/gate1/M0.
WARNING:Xst:2170 - Unit eaCPU : the following signal(s) form a combinatorial loop: gate2/gate3/Q1.
WARNING:Xst:2170 - Unit eaCPU : the following signal(s) form a combinatorial loop: TEST<5>.
WARNING:Xst:2170 - Unit eaCPU : the following signal(s) form a combinatorial loop: gate0/gate2/gate5/gate1/gate1/M0.
WARNING:Xst:2170 - Unit eaCPU : the following signal(s) form a combinatorial loop: gate0/gate2/gate1/gate1/gate1/M0.
WARNING:Xst:2170 - Unit eaCPU : the following signal(s) form a combinatorial loop: gate2/gate6/Q1.
WARNING:Xst:2170 - Unit eaCPU : the following signal(s) form a combinatorial loop: TEST<4>.
WARNING:Xst:2042 - Unit eaCPU: 6 internal tristates are replaced by logic (pull-up yes): gate3/TEST<0>, gate3/TEST<1>, gate3/TEST<2>, gate3/TEST<3>, gate3/TEST<4>, gate3/TEST<5>.

Optimizing unit <eaCPU> ...

Mapping all equations...
Building and optimizing final netlist ...
Found area constraint ratio of 100 (+ 5) on block eaCPU, actual ratio is 0.

Final Macro Processing ...

=========================================================================
Final Register Report

Found no macro
=========================================================================

=========================================================================
*                          Partition Report                             *
=========================================================================

Partition Implementation Status
-------------------------------

  No Partitions were found in this design.

-------------------------------

=========================================================================
*                            Final Report                               *
=========================================================================
Final Results
RTL Top Level Output File Name     : eaCPU.ngr
Top Level Output File Name         : eaCPU
Output Format                      : NGC
Optimization Goal                  : Speed
Keep Hierarchy                     : NO

Design Statistics
# IOs                              : 41

Cell Usage :
# BELS                             : 61
#      GND                         : 1
#      INV                         : 1
#      LUT2                        : 11
#      LUT3                        : 31
#      LUT4                        : 10
#      MUXF5                       : 7
# IO Buffers                       : 41
#      IBUF                        : 8
#      OBUF                        : 33
=========================================================================

Device utilization summary:
---------------------------

Selected Device : 3s500efg320-4 

 Number of Slices:                      29  out of   4656     0%  
 Number of 4 input LUTs:                53  out of   9312     0%  
 Number of IOs:                         41
 Number of bonded IOBs:                 41  out of    232    17%  

---------------------------
Partition Resource Summary:
---------------------------

  No Partitions were found in this design.

---------------------------


=========================================================================
TIMING REPORT

NOTE: THESE TIMING NUMBERS ARE ONLY A SYNTHESIS ESTIMATE.
      FOR ACCURATE TIMING INFORMATION PLEASE REFER TO THE TRACE REPORT
      GENERATED AFTER PLACE-and-ROUTE.

Clock Information:
------------------
No clock signals found in this design

Asynchronous Control Signals Information:
----------------------------------------
No asynchronous control signals found in this design

Timing Summary:
---------------
Speed Grade: -4

   Minimum period: No path found
   Minimum input arrival time before clock: No path found
   Maximum output required time after clock: No path found
   Maximum combinational path delay: 19.710ns

Timing Detail:
--------------
All values displayed in nanoseconds (ns)

=========================================================================
Timing constraint: Default path analysis
  Total number of paths / destination ports: 1154 / 33
-------------------------------------------------------------------------
Delay:               19.710ns (Levels of Logic = 13)
  Source:            clock (PAD)
  Destination:       mdat<5> (PAD)

  Data Path: clock to mdat<5>
                                Gate     Net
    Cell:in->out      fanout   Delay   Delay  Logical Name (Net Name)
    ----------------------------------------  ------------
     IBUF:I->O            21   1.218   1.303  clock_IBUF (clock_IBUF)
     LUT2:I0->O            2   0.704   0.622  gate4/gate0/gate0/gate1/gate1/M01 (gate4/gate0/gate0/gate1/gate1/M0)
     LUT3:I0->O           15   0.704   1.096  gate4/gate0/gate0/gate3/gate1/gate3/z1 (gate4/A1)
     LUT2:I1->O            6   0.704   0.844  gate4/gate2/gate0/gate1/gate1/gate1/gate3/z11 (N11)
     LUT4:I0->O            2   0.704   0.526  gate4/gate2/gate0/gate1/gate1/gate1/gate3/z1 (gate4/gate2/gate0/gate1/Q1)
     LUT3:I1->O           10   0.704   1.057  gate4/gate2/gate0/gate1/gate3/gate1/gate3/z1 (gate4/IRo<5>)
     LUT4:I0->O            1   0.704   0.000  gate2/gate1/gate1/gate1/gate3/z31 (N69)
     MUXF5:I1->O          12   0.321   1.040  gate2/gate1/gate1/gate1/gate3/z3_f5 (N3)
     LUT4:I1->O            1   0.704   0.000  gate2/gate6/gate1/gate1/gate3/z1 (N70)
     MUXF5:I1->O           2   0.321   0.526  gate2/gate6/gate1/gate1/gate3/z_f5 (gate2/gate6/Q1)
     LUT3:I1->O            5   0.704   0.808  gate2/gate6/gate3/gate1/gate3/z1 (TEST_0_OBUF)
     LUT3:I0->O            1   0.704   0.420  gate3/gate12/z1 (mdat_0_OBUF)
     OBUF:I->O                 3.272          mdat_0_OBUF (mdat<0>)
    ----------------------------------------
    Total                     19.710ns (11.468ns logic, 8.242ns route)
                                       (58.2% logic, 41.8% route)

=========================================================================
CPU : 4.25 / 4.34 s | Elapsed : 4.00 / 4.00 s
 
--> 

Total memory usage is 191500 kilobytes

Number of errors   :    0 (   0 filtered)
Number of warnings :  103 (   0 filtered)
Number of infos    :    0 (   0 filtered)

