 command line:
   ./test2_isim_beh.exe
     -intstyle  ise
     -ipchost  localhost
     -ipcport  56824

Tue Oct 23 05:44:45 2012

Total Line Count : 50128
WARNING:Simulator:406 - This is a limited version of the ISE Simulator. The
   current design has exceeded the design size limit for this version and the
   performance of the simulation will be derated.

 Elaboration time : 0.078 sec.

 Estimate current memory usage : 165.913 Meg. 

 Total Signals          : 15261
 Total Nets             : 3179
 Total Signal Drivers   : 3438
 Total Blocks           : 4120
 Total Primitive Blocks : 2946
 Total Processes        : 3442
 Total Traceable Variables  : 22
 Total Scalar Nets and Variables : 3325
ntrace select -o on -m / -l this 
ntrace start 
isimrun 1000 ns 
Simulator is doing circuit initialization process.
Finished circuit initialization process.
isimrun 100000 ns 

 Simulation time 0.514803 sec.

 Estimate current memory usage : 173.027 Meg. 

Tue Oct 23 20:42:21 2012

