 command line:
   ./r2s8mt_isim_beh.exe
     -intstyle  ise
     -ipchost  localhost
     -ipcport  49444

Sun Nov 11 09:32:14 2012

Total Line Count : 25

 Elaboration time : 0.0312 sec.

 Estimate current memory usage : 151.187 Meg. 

 Total Signals          : 20
 Total Nets             : 45
 Total Signal Drivers   : 17
 Total Blocks           : 4
 Total Primitive Blocks : 1
 Total Processes        : 0
 Total Traceable Variables  : 0
 Total Scalar Nets and Variables : 45
ntrace select -o on -m / -l this 
ntrace start 
isimrun 1000 ns 
Simulator is doing circuit initialization process.
Finished circuit initialization process.

 Simulation time 0.202801 sec.

 Estimate current memory usage : 160.399 Meg. 

Sun Nov 11 09:32:41 2012

