Release 9.2i - xst J.36
Copyright (c) 1995-2007 Xilinx, Inc.  All rights reserved.
--> Parameter TMPDIR set to ./xst/projnav.tmp
CPU : 0.00 / 0.08 s | Elapsed : 0.00 / 0.00 s
 
--> Parameter xsthdpdir set to ./xst
CPU : 0.00 / 0.08 s | Elapsed : 0.00 / 0.00 s
 
--> Reading design: ufm6bit.prj

TABLE OF CONTENTS
  1) Synthesis Options Summary
  2) HDL Compilation
  3) Design Hierarchy Analysis
  4) HDL Analysis
  5) HDL Synthesis
     5.1) HDL Synthesis Report
  6) Advanced HDL Synthesis
     6.1) Advanced HDL Synthesis Report
  7) Low Level Synthesis
  8) Partition Report
  9) Final Report
     9.1) Device utilization summary
     9.2) Partition Resource Summary
     9.3) TIMING REPORT


=========================================================================
*                      Synthesis Options Summary                        *
=========================================================================
---- Source Parameters
Input File Name                    : "ufm6bit.prj"
Input Format                       : mixed
Ignore Synthesis Constraint File   : NO

---- Target Parameters
Output File Name                   : "ufm6bit"
Output Format                      : NGC
Target Device                      : xc3s500e-4-fg320

---- Source Options
Top Module Name                    : ufm6bit
Automatic FSM Extraction           : YES
FSM Encoding Algorithm             : Auto
Safe Implementation                : No
FSM Style                          : lut
RAM Extraction                     : Yes
RAM Style                          : Auto
ROM Extraction                     : Yes
Mux Style                          : Auto
Decoder Extraction                 : YES
Priority Encoder Extraction        : YES
Shift Register Extraction          : YES
Logical Shifter Extraction         : YES
XOR Collapsing                     : YES
ROM Style                          : Auto
Mux Extraction                     : YES
Resource Sharing                   : YES
Asynchronous To Synchronous        : NO
Multiplier Style                   : auto
Automatic Register Balancing       : No

---- Target Options
Add IO Buffers                     : YES
Global Maximum Fanout              : 500
Add Generic Clock Buffer(BUFG)     : 24
Register Duplication               : YES
Slice Packing                      : YES
Optimize Instantiated Primitives   : NO
Use Clock Enable                   : Yes
Use Synchronous Set                : Yes
Use Synchronous Reset              : Yes
Pack IO Registers into IOBs        : auto
Equivalent register Removal        : YES

---- General Options
Optimization Goal                  : Speed
Optimization Effort                : 1
Library Search Order               : ufm6bit.lso
Keep Hierarchy                     : NO
RTL Output                         : Yes
Global Optimization                : AllClockNets
Read Cores                         : YES
Write Timing Constraints           : NO
Cross Clock Analysis               : NO
Hierarchy Separator                : /
Bus Delimiter                      : <>
Case Specifier                     : maintain
Slice Utilization Ratio            : 100
BRAM Utilization Ratio             : 100
Verilog 2001                       : YES
Auto BRAM Packing                  : NO
Slice Utilization Ratio Delta      : 5

=========================================================================


=========================================================================
*                          HDL Compilation                              *
=========================================================================
Compiling vhdl file "C:/Users/ERIK/Dropbox/cmpen471/projects/pj3GAMA/ea2NAND.vhd" in Library work.
Architecture behavioral of Entity ea2nand is up to date.
Compiling vhdl file "C:/Users/ERIK/Dropbox/cmpen471/projects/pj3GAMA/eaINVERT.vhd" in Library work.
Architecture behavioral of Entity eainvert is up to date.
Compiling vhdl file "C:/Users/ERIK/Dropbox/cmpen471/projects/pj3GAMA/ea2to1MUX.vhd" in Library work.
Architecture behavioral of Entity ea2to1mux is up to date.
Compiling vhdl file "C:/Users/ERIK/Dropbox/cmpen471/projects/pj3GAMA/eaDLatch.vhd" in Library work.
Architecture struc of Entity eadlatch is up to date.
Compiling vhdl file "C:/Users/ERIK/Dropbox/cmpen471/projects/pj3GAMA/ea3AND.vhd" in Library work.
Architecture behavioral of Entity ea3and is up to date.
Compiling vhdl file "C:/Users/ERIK/Dropbox/cmpen471/projects/pj3GAMA/ea2OR.vhd" in Library work.
Architecture behavioral of Entity ea2or is up to date.
Compiling vhdl file "C:/Users/ERIK/Dropbox/cmpen471/projects/pj3GAMA/eaFlipFlop.vhd" in Library work.
Architecture behavioral of Entity eaflipflop is up to date.
Compiling vhdl file "C:/Users/ERIK/Dropbox/cmpen471/projects/pj3GAMA/eainvbuf.vhd" in Library work.
Architecture behavioral of Entity eainvbuf is up to date.
Compiling vhdl file "C:/Users/ERIK/Dropbox/cmpen471/projects/pj3GAMA/ea3NAND.vhd" in Library work.
Architecture behavioral of Entity ea3nand is up to date.
Compiling vhdl file "C:/Users/ERIK/Dropbox/cmpen471/projects/pj3GAMA/ea4NAND.vhd" in Library work.
Architecture behavioral of Entity ea4nand is up to date.
Compiling vhdl file "C:/Users/ERIK/Dropbox/cmpen471/projects/pj3GAMA/DFFeaCERES.vhd" in Library work.
Architecture struct of Entity dffeaceres is up to date.
Compiling vhdl file "C:/Users/ERIK/Dropbox/cmpen471/projects/pj3GAMA/eaSINVERTER.vhd" in Library work.
Architecture behavioral of Entity easinverter is up to date.
Compiling vhdl file "C:/Users/ERIK/Dropbox/cmpen471/projects/pj3GAMA/eainv6buf.vhd" in Library work.
Architecture struct of Entity eainv6buf is up to date.
Compiling vhdl file "C:/Users/ERIK/Dropbox/cmpen471/projects/pj3GAMA/ea7AND.vhd" in Library work.
Architecture behavioral of Entity ea7and is up to date.
Compiling vhdl file "C:/Users/ERIK/Dropbox/cmpen471/projects/pj3GAMA/ea1bitadder.vhd" in Library work.
Architecture behavioral of Entity ea1bitadder is up to date.
Compiling vhdl file "C:/Users/ERIK/Dropbox/cmpen471/projects/pj3GAMA/eaTFlipFlop.vhd" in Library work.
Architecture struct of Entity eatflipflop is up to date.
Compiling vhdl file "C:/Users/ERIK/Dropbox/cmpen471/projects/pj3GAMA/ea2AND.vhd" in Library work.
Entity <ea2and> compiled.
Entity <ea2and> (Architecture <behavioral>) compiled.
Compiling vhdl file "C:/Users/ERIK/Dropbox/cmpen471/projects/pj3GAMA/ea6bitto64decoder.vhd" in Library work.
Architecture struct of Entity ea6bitto64decoder is up to date.
Compiling vhdl file "C:/Users/ERIK/Dropbox/cmpen471/projects/pj3GAMA/ea6bit64word.vhd" in Library work.
Architecture struct of Entity ea6bit64word is up to date.
Compiling vhdl file "C:/Users/ERIK/Dropbox/cmpen471/projects/pj3GAMA/ea2NOR.vhd" in Library work.
Architecture behavioral of Entity ea2nor is up to date.
Compiling vhdl file "C:/Users/ERIK/Dropbox/cmpen471/projects/pj3GAMA/eaOutputBuf.vhd" in Library work.
Architecture struct of Entity eaoutputbuf is up to date.
Compiling vhdl file "C:/Users/ERIK/Dropbox/cmpen471/projects/pj3GAMA/ea6bitMUX.vhd" in Library work.
Architecture struct of Entity ea6bitmux is up to date.
Compiling vhdl file "C:/Users/ERIK/Dropbox/cmpen471/projects/pj3GAMA/ea6Flip.vhd" in Library work.
Architecture struct of Entity ea6flip is up to date.
Compiling vhdl file "C:/Users/ERIK/Dropbox/cmpen471/projects/pj3GAMA/eaadd6bit.vhd" in Library work.
Architecture struct of Entity eaadd6bit is up to date.
Compiling vhdl file "C:/Users/ERIK/Dropbox/cmpen471/projects/pj3GAMA/ea6PCf.vhd" in Library work.
Architecture struct of Entity ea6pcf is up to date.
Compiling vhdl file "C:/Users/ERIK/Dropbox/cmpen471/projects/pj3GAMA/ea64Rom.vhd" in Library work.
Architecture struct of Entity ea64rom is up to date.
Compiling vhdl file "C:/Users/ERIK/Dropbox/cmpen471/projects/pj3GAMA/ea4to1MUX.vhd" in Library work.
Architecture struct of Entity ea4to1mux is up to date.
Compiling vhdl file "C:/Users/ERIK/Dropbox/cmpen471/projects/pj3GAMA/ea4bitFrequencyCounter.vhd" in Library work.
Architecture struct of Entity ea4bitfrequencycounter is up to date.
Compiling vhdl file "C:/Users/ERIK/Dropbox/cmpen471/projects/pj3GAMA/ufm6bit.vhd" in Library work.
Architecture struct of Entity ufm6bit is up to date.

=========================================================================
*                     Design Hierarchy Analysis                         *
=========================================================================
Analyzing hierarchy for entity <ufm6bit> in library <work> (architecture <struct>).

Analyzing hierarchy for entity <ea6PCf> in library <work> (architecture <struct>).

Analyzing hierarchy for entity <ea64Rom> in library <work> (architecture <struct>).

Analyzing hierarchy for entity <ea4to1MUX> in library <work> (architecture <struct>).

Analyzing hierarchy for entity <ea4bitFrequencyCounter> in library <work> (architecture <struct>).

Analyzing hierarchy for entity <ea6bitMUX> in library <work> (architecture <struct>).

Analyzing hierarchy for entity <ea6Flip> in library <work> (architecture <struct>).

Analyzing hierarchy for entity <eaadd6bit> in library <work> (architecture <struct>).

Analyzing hierarchy for entity <ea6bitto64decoder> in library <work> (architecture <struct>).

Analyzing hierarchy for entity <ea6bit64word> in library <work> (architecture <struct>).

Analyzing hierarchy for entity <ea2NOR> in library <work> (architecture <behavioral>).

Analyzing hierarchy for entity <eaOutputBuf> in library <work> (architecture <struct>).

Analyzing hierarchy for entity <eaINVERT> in library <work> (architecture <behavioral>).

Analyzing hierarchy for entity <ea3NAND> in library <work> (architecture <behavioral>).

Analyzing hierarchy for entity <ea4NAND> in library <work> (architecture <behavioral>).

Analyzing hierarchy for entity <eaTFlipFlop> in library <work> (architecture <struct>).

Analyzing hierarchy for entity <ea2AND> in library <work> (architecture <behavioral>).

Analyzing hierarchy for entity <ea3AND> in library <work> (architecture <behavioral>).

Analyzing hierarchy for entity <ea2to1MUX> in library <work> (architecture <behavioral>).

Analyzing hierarchy for entity <eaFlipFlop> in library <work> (architecture <behavioral>).

Analyzing hierarchy for entity <ea1bitadder> in library <work> (architecture <behavioral>).

Analyzing hierarchy for entity <ea7AND> in library <work> (architecture <behavioral>).

Analyzing hierarchy for entity <eainv6buf> in library <work> (architecture <struct>).

Analyzing hierarchy for entity <eainvbuf> in library <work> (architecture <behavioral>).

Analyzing hierarchy for entity <DFFeaCERES> in library <work> (architecture <struct>).

Analyzing hierarchy for entity <eaSINVERTER> in library <work> (architecture <behavioral>).

Analyzing hierarchy for entity <ea2NAND> in library <work> (architecture <behavioral>).

Analyzing hierarchy for entity <eaINVERT> in library <work> (architecture <behavioral>).

Analyzing hierarchy for entity <eaDlatch> in library <work> (architecture <struc>).

Analyzing hierarchy for entity <ea3NAND> in library <work> (architecture <behavioral>).

Analyzing hierarchy for entity <ea4NAND> in library <work> (architecture <behavioral>).

Analyzing hierarchy for entity <ea3AND> in library <work> (architecture <behavioral>).

Analyzing hierarchy for entity <ea3AND> in library <work> (architecture <behavioral>).

Analyzing hierarchy for entity <ea2OR> in library <work> (architecture <behavioral>).

Analyzing hierarchy for entity <eaFlipFlop> in library <work> (architecture <behavioral>).

Analyzing hierarchy for entity <ea2to1MUX> in library <work> (architecture <behavioral>).

Analyzing hierarchy for entity <eaDlatch> in library <work> (architecture <struc>).

Analyzing hierarchy for entity <eaINVERT> in library <work> (architecture <behavioral>).

Analyzing hierarchy for entity <ea2NAND> in library <work> (architecture <behavioral>).

Analyzing hierarchy for entity <ea2to1MUX> in library <work> (architecture <behavioral>).

Analyzing hierarchy for entity <ea2NAND> in library <work> (architecture <behavioral>).

Analyzing hierarchy for entity <eaINVERT> in library <work> (architecture <behavioral>).


=========================================================================
*                            HDL Analysis                               *
=========================================================================
Analyzing Entity <ufm6bit> in library <work> (Architecture <struct>).
Entity <ufm6bit> analyzed. Unit <ufm6bit> generated.

Analyzing Entity <ea6PCf> in library <work> (Architecture <struct>).
Entity <ea6PCf> analyzed. Unit <ea6PCf> generated.

Analyzing Entity <ea6bitMUX> in library <work> (Architecture <struct>).
Entity <ea6bitMUX> analyzed. Unit <ea6bitMUX> generated.

Analyzing Entity <ea2to1MUX> in library <work> (Architecture <behavioral>).
Entity <ea2to1MUX> analyzed. Unit <ea2to1MUX> generated.

Analyzing Entity <ea2NAND> in library <work> (Architecture <behavioral>).
Entity <ea2NAND> analyzed. Unit <ea2NAND> generated.

Analyzing Entity <eaINVERT> in library <work> (Architecture <behavioral>).
Entity <eaINVERT> analyzed. Unit <eaINVERT> generated.

Analyzing Entity <ea6Flip> in library <work> (Architecture <struct>).
Entity <ea6Flip> analyzed. Unit <ea6Flip> generated.

Analyzing Entity <eaFlipFlop> in library <work> (Architecture <behavioral>).
Entity <eaFlipFlop> analyzed. Unit <eaFlipFlop> generated.

Analyzing Entity <eaDlatch> in library <work> (Architecture <struc>).
Entity <eaDlatch> analyzed. Unit <eaDlatch> generated.

Analyzing Entity <eaadd6bit> in library <work> (Architecture <struct>).
Entity <eaadd6bit> analyzed. Unit <eaadd6bit> generated.

Analyzing Entity <ea1bitadder> in library <work> (Architecture <behavioral>).
Entity <ea1bitadder> analyzed. Unit <ea1bitadder> generated.

Analyzing Entity <ea3NAND> in library <work> (Architecture <behavioral>).
Entity <ea3NAND> analyzed. Unit <ea3NAND> generated.

Analyzing Entity <ea4NAND> in library <work> (Architecture <behavioral>).
Entity <ea4NAND> analyzed. Unit <ea4NAND> generated.

Analyzing Entity <ea64Rom> in library <work> (Architecture <struct>).
Entity <ea64Rom> analyzed. Unit <ea64Rom> generated.

Analyzing Entity <ea6bitto64decoder> in library <work> (Architecture <struct>).
Entity <ea6bitto64decoder> analyzed. Unit <ea6bitto64decoder> generated.

Analyzing Entity <ea7AND> in library <work> (Architecture <behavioral>).
Entity <ea7AND> analyzed. Unit <ea7AND> generated.

Analyzing Entity <ea6bit64word> in library <work> (Architecture <struct>).
Entity <ea6bit64word> analyzed. Unit <ea6bit64word> generated.

Analyzing Entity <eainv6buf> in library <work> (Architecture <struct>).
Entity <eainv6buf> analyzed. Unit <eainv6buf> generated.

Analyzing Entity <eainvbuf> in library <work> (Architecture <behavioral>).
Entity <eainvbuf> analyzed. Unit <eainvbuf> generated.

Analyzing Entity <ea2NOR> in library <work> (Architecture <behavioral>).
Entity <ea2NOR> analyzed. Unit <ea2NOR> generated.

Analyzing Entity <eaOutputBuf> in library <work> (Architecture <struct>).
Entity <eaOutputBuf> analyzed. Unit <eaOutputBuf> generated.

Analyzing Entity <ea4to1MUX> in library <work> (Architecture <struct>).
Entity <ea4to1MUX> analyzed. Unit <ea4to1MUX> generated.

Analyzing Entity <ea4bitFrequencyCounter> in library <work> (Architecture <struct>).
Entity <ea4bitFrequencyCounter> analyzed. Unit <ea4bitFrequencyCounter> generated.

Analyzing Entity <eaTFlipFlop> in library <work> (Architecture <struct>).
Entity <eaTFlipFlop> analyzed. Unit <eaTFlipFlop> generated.

Analyzing Entity <DFFeaCERES> in library <work> (Architecture <struct>).
Entity <DFFeaCERES> analyzed. Unit <DFFeaCERES> generated.

Analyzing Entity <ea2OR> in library <work> (Architecture <behavioral>).
Entity <ea2OR> analyzed. Unit <ea2OR> generated.

Analyzing Entity <eaSINVERTER> in library <work> (Architecture <behavioral>).
Entity <eaSINVERTER> analyzed. Unit <eaSINVERTER> generated.

Analyzing Entity <ea2AND> in library <work> (Architecture <behavioral>).
Entity <ea2AND> analyzed. Unit <ea2AND> generated.

Analyzing Entity <ea3AND> in library <work> (Architecture <behavioral>).
Entity <ea3AND> analyzed. Unit <ea3AND> generated.


=========================================================================
*                           HDL Synthesis                               *
=========================================================================

Performing bidirectional port resolution...

Synthesizing Unit <ea2NAND>.
    Related source file is "C:/Users/ERIK/Dropbox/cmpen471/projects/pj3GAMA/ea2NAND.vhd".
Unit <ea2NAND> synthesized.


Synthesizing Unit <eaINVERT>.
    Related source file is "C:/Users/ERIK/Dropbox/cmpen471/projects/pj3GAMA/eaINVERT.vhd".
Unit <eaINVERT> synthesized.


Synthesizing Unit <ea3NAND>.
    Related source file is "C:/Users/ERIK/Dropbox/cmpen471/projects/pj3GAMA/ea3NAND.vhd".
Unit <ea3NAND> synthesized.


Synthesizing Unit <ea4NAND>.
    Related source file is "C:/Users/ERIK/Dropbox/cmpen471/projects/pj3GAMA/ea4NAND.vhd".
Unit <ea4NAND> synthesized.


Synthesizing Unit <ea2NOR>.
    Related source file is "C:/Users/ERIK/Dropbox/cmpen471/projects/pj3GAMA/ea2NOR.vhd".
Unit <ea2NOR> synthesized.


Synthesizing Unit <ea7AND>.
    Related source file is "C:/Users/ERIK/Dropbox/cmpen471/projects/pj3GAMA/ea7AND.vhd".
Unit <ea7AND> synthesized.


Synthesizing Unit <eainvbuf>.
    Related source file is "C:/Users/ERIK/Dropbox/cmpen471/projects/pj3GAMA/eainvbuf.vhd".
    Found 1-bit tristate buffer for signal <z>.
    Summary:
	inferred   1 Tristate(s).
Unit <eainvbuf> synthesized.


Synthesizing Unit <ea2AND>.
    Related source file is "C:/Users/ERIK/Dropbox/cmpen471/projects/pj3GAMA/ea2AND.vhd".
Unit <ea2AND> synthesized.


Synthesizing Unit <ea3AND>.
    Related source file is "C:/Users/ERIK/Dropbox/cmpen471/projects/pj3GAMA/ea3AND.vhd".
Unit <ea3AND> synthesized.


Synthesizing Unit <eaSINVERTER>.
    Related source file is "C:/Users/ERIK/Dropbox/cmpen471/projects/pj3GAMA/eaSINVERTER.vhd".
Unit <eaSINVERTER> synthesized.


Synthesizing Unit <ea2OR>.
    Related source file is "C:/Users/ERIK/Dropbox/cmpen471/projects/pj3GAMA/ea2OR.vhd".
Unit <ea2OR> synthesized.


Synthesizing Unit <ea4to1MUX>.
    Related source file is "C:/Users/ERIK/Dropbox/cmpen471/projects/pj3GAMA/ea4to1MUX.vhd".
Unit <ea4to1MUX> synthesized.


Synthesizing Unit <ea2to1MUX>.
    Related source file is "C:/Users/ERIK/Dropbox/cmpen471/projects/pj3GAMA/ea2to1MUX.vhd".
Unit <ea2to1MUX> synthesized.


Synthesizing Unit <ea1bitadder>.
    Related source file is "C:/Users/ERIK/Dropbox/cmpen471/projects/pj3GAMA/ea1bitadder.vhd".
Unit <ea1bitadder> synthesized.


Synthesizing Unit <ea6bitto64decoder>.
    Related source file is "C:/Users/ERIK/Dropbox/cmpen471/projects/pj3GAMA/ea6bitto64decoder.vhd".
Unit <ea6bitto64decoder> synthesized.


Synthesizing Unit <eaOutputBuf>.
    Related source file is "C:/Users/ERIK/Dropbox/cmpen471/projects/pj3GAMA/eaOutputBuf.vhd".
Unit <eaOutputBuf> synthesized.


Synthesizing Unit <eainv6buf>.
    Related source file is "C:/Users/ERIK/Dropbox/cmpen471/projects/pj3GAMA/eainv6buf.vhd".
Unit <eainv6buf> synthesized.


Synthesizing Unit <ea6bitMUX>.
    Related source file is "C:/Users/ERIK/Dropbox/cmpen471/projects/pj3GAMA/ea6bitMUX.vhd".
WARNING:Xst:1780 - Signal <M2> is never used or assigned.
WARNING:Xst:1780 - Signal <M3> is never used or assigned.
WARNING:Xst:1780 - Signal <M4> is never used or assigned.
Unit <ea6bitMUX> synthesized.


Synthesizing Unit <eaadd6bit>.
    Related source file is "C:/Users/ERIK/Dropbox/cmpen471/projects/pj3GAMA/eaadd6bit.vhd".
Unit <eaadd6bit> synthesized.


Synthesizing Unit <eaDlatch>.
    Related source file is "C:/Users/ERIK/Dropbox/cmpen471/projects/pj3GAMA/eaDLatch.vhd".
Unit <eaDlatch> synthesized.


Synthesizing Unit <ea6bit64word>.
    Related source file is "C:/Users/ERIK/Dropbox/cmpen471/projects/pj3GAMA/ea6bit64word.vhd".
Unit <ea6bit64word> synthesized.


Synthesizing Unit <ea64Rom>.
    Related source file is "C:/Users/ERIK/Dropbox/cmpen471/projects/pj3GAMA/ea64Rom.vhd".
Unit <ea64Rom> synthesized.


Synthesizing Unit <eaFlipFlop>.
    Related source file is "C:/Users/ERIK/Dropbox/cmpen471/projects/pj3GAMA/eaFlipFlop.vhd".
Unit <eaFlipFlop> synthesized.


Synthesizing Unit <ea6Flip>.
    Related source file is "C:/Users/ERIK/Dropbox/cmpen471/projects/pj3GAMA/ea6Flip.vhd".
Unit <ea6Flip> synthesized.


Synthesizing Unit <DFFeaCERES>.
    Related source file is "C:/Users/ERIK/Dropbox/cmpen471/projects/pj3GAMA/DFFeaCERES.vhd".
Unit <DFFeaCERES> synthesized.


Synthesizing Unit <ea6PCf>.
    Related source file is "C:/Users/ERIK/Dropbox/cmpen471/projects/pj3GAMA/ea6PCf.vhd".
WARNING:Xst:647 - Input <Cin> is never used.
WARNING:Xst:646 - Signal <FA> is assigned but never used.
Unit <ea6PCf> synthesized.


Synthesizing Unit <eaTFlipFlop>.
    Related source file is "C:/Users/ERIK/Dropbox/cmpen471/projects/pj3GAMA/eaTFlipFlop.vhd".
Unit <eaTFlipFlop> synthesized.


Synthesizing Unit <ea4bitFrequencyCounter>.
    Related source file is "C:/Users/ERIK/Dropbox/cmpen471/projects/pj3GAMA/ea4bitFrequencyCounter.vhd".
Unit <ea4bitFrequencyCounter> synthesized.


Synthesizing Unit <ufm6bit>.
    Related source file is "C:/Users/ERIK/Dropbox/cmpen471/projects/pj3GAMA/ufm6bit.vhd".
Unit <ufm6bit> synthesized.


=========================================================================
HDL Synthesis Report

Macro Statistics
# Tristates                                            : 390
 1-bit tristate buffer                                 : 390

=========================================================================

=========================================================================
*                       Advanced HDL Synthesis                          *
=========================================================================

Loading device for application Rf_Device from file '3s500e.nph' in environment C:\Xilinx92i.
WARNING:Xst:1290 - Hierarchical block <gate4> is unconnected in block <gate1>.
   It will be removed from the design.
WARNING:Xst:1290 - Hierarchical block <gate5> is unconnected in block <gate1>.
   It will be removed from the design.
WARNING:Xst:1290 - Hierarchical block <gate6> is unconnected in block <gate1>.
   It will be removed from the design.
WARNING:Xst:1290 - Hierarchical block <gate7> is unconnected in block <gate1>.
   It will be removed from the design.
WARNING:Xst:1290 - Hierarchical block <gate1> is unconnected in block <gate1>.
   It will be removed from the design.
WARNING:Xst:1290 - Hierarchical block <gate4> is unconnected in block <gate1>.
   It will be removed from the design.
WARNING:Xst:1290 - Hierarchical block <gate1> is unconnected in block <gate2>.
   It will be removed from the design.
WARNING:Xst:1290 - Hierarchical block <gate4> is unconnected in block <gate2>.
   It will be removed from the design.
WARNING:Xst:1290 - Hierarchical block <gate1> is unconnected in block <gate3>.
   It will be removed from the design.
WARNING:Xst:1290 - Hierarchical block <gate4> is unconnected in block <gate3>.
   It will be removed from the design.
WARNING:Xst:1290 - Hierarchical block <gate1> is unconnected in block <gate4>.
   It will be removed from the design.
WARNING:Xst:1290 - Hierarchical block <gate4> is unconnected in block <gate4>.
   It will be removed from the design.
WARNING:Xst:1290 - Hierarchical block <gate1> is unconnected in block <gate5>.
   It will be removed from the design.
WARNING:Xst:1290 - Hierarchical block <gate4> is unconnected in block <gate5>.
   It will be removed from the design.
WARNING:Xst:1290 - Hierarchical block <gate1> is unconnected in block <gate6>.
   It will be removed from the design.
WARNING:Xst:1290 - Hierarchical block <gate4> is unconnected in block <gate6>.
   It will be removed from the design.
WARNING:Xst:1290 - Hierarchical block <gate1> is unconnected in block <gate6>.
   It will be removed from the design.
WARNING:Xst:1290 - Hierarchical block <gate4> is unconnected in block <gate6>.
   It will be removed from the design.
WARNING:Xst:1290 - Hierarchical block <gate6> is unconnected in block <gate6>.
   It will be removed from the design.
WARNING:Xst:1290 - Hierarchical block <gate8> is unconnected in block <gate6>.
   It will be removed from the design.
WARNING:Xst:1290 - Hierarchical block <gate11> is unconnected in block <gate6>.
   It will be removed from the design.
WARNING:Xst:1290 - Hierarchical block <gate70> is unconnected in block <gate1>.
   It will be removed from the design.
WARNING:Xst:1290 - Hierarchical block <gate3> is unconnected in block <gate2>.
   It will be removed from the design.
WARNING:Xst:1290 - Hierarchical block <gate1> is unconnected in block <gate1>.
   It will be removed from the design.
WARNING:Xst:1290 - Hierarchical block <gate2> is unconnected in block <gate1>.
   It will be removed from the design.
WARNING:Xst:1290 - Hierarchical block <gate4> is unconnected in block <gate1>.
   It will be removed from the design.
WARNING:Xst:1290 - Hierarchical block <gate2> is unconnected in block <gate1>.
   It will be removed from the design.
WARNING:Xst:1290 - Hierarchical block <gate2> is unconnected in block <gate1>.
   It will be removed from the design.
WARNING:Xst:1290 - Hierarchical block <gate2> is unconnected in block <gate1>.
   It will be removed from the design.

=========================================================================
Advanced HDL Synthesis Report

Found no macro
=========================================================================

=========================================================================
*                         Low Level Synthesis                           *
=========================================================================
WARNING:Xst:2170 - Unit ufm6bit : the following signal(s) form a combinatorial loop: DO<1>.
WARNING:Xst:2170 - Unit ufm6bit : the following signal(s) form a combinatorial loop: AO<2>.
WARNING:Xst:2170 - Unit ufm6bit : the following signal(s) form a combinatorial loop: DO<0>.
WARNING:Xst:2170 - Unit ufm6bit : the following signal(s) form a combinatorial loop: AO<1>.
WARNING:Xst:2170 - Unit ufm6bit : the following signal(s) form a combinatorial loop: gate1/gate2/gate2/gate1/gate1/M0.
WARNING:Xst:2170 - Unit ufm6bit : the following signal(s) form a combinatorial loop: gate4/gate3/gate1/gate6/Q1.
WARNING:Xst:2170 - Unit ufm6bit : the following signal(s) form a combinatorial loop: AO<0>.
WARNING:Xst:2170 - Unit ufm6bit : the following signal(s) form a combinatorial loop: gate4/gate2/gate1/gate6/Q1.
WARNING:Xst:2170 - Unit ufm6bit : the following signal(s) form a combinatorial loop: gate1/gate2/gate1/gate1/gate1/M0.
WARNING:Xst:2170 - Unit ufm6bit : the following signal(s) form a combinatorial loop: gate4/gate1/gate1/gate6/Q1.
WARNING:Xst:2170 - Unit ufm6bit : the following signal(s) form a combinatorial loop: gate1/gate2/gate5/gate1/gate1/M0.
WARNING:Xst:2170 - Unit ufm6bit : the following signal(s) form a combinatorial loop: gate1/gate2/gate4/gate1/gate1/M0.
WARNING:Xst:2170 - Unit ufm6bit : the following signal(s) form a combinatorial loop: gate1/gate2/gate6/gate1/gate1/M0.
WARNING:Xst:2170 - Unit ufm6bit : the following signal(s) form a combinatorial loop: AO<5>.
WARNING:Xst:2170 - Unit ufm6bit : the following signal(s) form a combinatorial loop: DO<3>.
WARNING:Xst:2170 - Unit ufm6bit : the following signal(s) form a combinatorial loop: AO<4>.
WARNING:Xst:2170 - Unit ufm6bit : the following signal(s) form a combinatorial loop: gate1/gate2/gate3/gate1/gate1/M0.
WARNING:Xst:2170 - Unit ufm6bit : the following signal(s) form a combinatorial loop: DO<2>.
WARNING:Xst:2170 - Unit ufm6bit : the following signal(s) form a combinatorial loop: AO<3>.
WARNING:Xst:2170 - Unit ufm6bit : the following signal(s) form a combinatorial loop: gate4/gate4/gate1/gate6/Q1.
WARNING:Xst:2040 - Unit ea6bit64word: 6 multi-source signals are replaced by logic (pull-up yes): z<0>, z<1>, z<2>, z<3>, z<4>, z<5>.

Optimizing unit <ufm6bit> ...

Optimizing unit <ea6bit64word> ...

Mapping all equations...
Building and optimizing final netlist ...
Found area constraint ratio of 100 (+ 5) on block ufm6bit, actual ratio is 2.

Final Macro Processing ...

=========================================================================
Final Register Report

Found no macro
=========================================================================

=========================================================================
*                          Partition Report                             *
=========================================================================

Partition Implementation Status
-------------------------------

  No Partitions were found in this design.

-------------------------------

=========================================================================
*                            Final Report                               *
=========================================================================
Final Results
RTL Top Level Output File Name     : ufm6bit.ngr
Top Level Output File Name         : ufm6bit
Output Format                      : NGC
Optimization Goal                  : Speed
Keep Hierarchy                     : NO

Design Statistics
# IOs                              : 16

Cell Usage :
# BELS                             : 185
#      GND                         : 1
#      LUT2                        : 11
#      LUT3                        : 36
#      LUT4                        : 119
#      MUXCY                       : 12
#      MUXF5                       : 5
#      VCC                         : 1
# IO Buffers                       : 9
#      IBUF                        : 3
#      OBUF                        : 6
=========================================================================

Device utilization summary:
---------------------------

Selected Device : 3s500efg320-4 

 Number of Slices:                      96  out of   4656     2%  
 Number of 4 input LUTs:               166  out of   9312     1%  
 Number of IOs:                         16
 Number of bonded IOBs:                  9  out of    232     3%  

---------------------------
Partition Resource Summary:
---------------------------

  No Partitions were found in this design.

---------------------------


=========================================================================
TIMING REPORT

NOTE: THESE TIMING NUMBERS ARE ONLY A SYNTHESIS ESTIMATE.
      FOR ACCURATE TIMING INFORMATION PLEASE REFER TO THE TRACE REPORT
      GENERATED AFTER PLACE-and-ROUTE.

Clock Information:
------------------
No clock signals found in this design

Asynchronous Control Signals Information:
----------------------------------------
No asynchronous control signals found in this design

Timing Summary:
---------------
Speed Grade: -4

   Minimum period: No path found
   Minimum input arrival time before clock: No path found
   Maximum output required time after clock: No path found
   Maximum combinational path delay: 32.726ns

Timing Detail:
--------------
All values displayed in nanoseconds (ns)

=========================================================================
Timing constraint: Default path analysis
  Total number of paths / destination ports: 199374 / 6
-------------------------------------------------------------------------
Delay:               32.726ns (Levels of Logic = 25)
  Source:            ckm (PAD)
  Destination:       d<5> (PAD)

  Data Path: ckm to d<5>
                                Gate     Net
    Cell:in->out      fanout   Delay   Delay  Logical Name (Net Name)
    ----------------------------------------  ------------
     IBUF:I->O             9   1.218   0.995  ckm_IBUF (ckm_IBUF)
     LUT3:I0->O            2   0.704   0.526  gate4/gate1/gate1/gate6/gate1/gate1/gate3/z1 (gate4/gate1/gate1/gate6/Q1)
     LUT3:I1->O            7   0.704   0.787  gate4/gate1/gate1/gate6/gate3/gate1/gate3/z1 (DO<0>)
     LUT4:I1->O            2   0.704   0.526  gate4/gate2/gate1/gate6/gate1/gate1/gate3/z1 (gate4/gate2/gate1/gate6/Q1)
     LUT3:I1->O            6   0.704   0.748  gate4/gate2/gate1/gate6/gate3/gate1/gate3/z1 (DO<1>)
     LUT4:I1->O            1   0.704   0.000  gate4/gate3/gate1/gate6/gate1/gate1/gate3/z1 (N546)
     MUXF5:I1->O           2   0.321   0.526  gate4/gate3/gate1/gate6/gate1/gate1/gate3/z_f5 (gate4/gate3/gate1/gate6/Q1)
     LUT3:I1->O            5   0.704   0.712  gate4/gate3/gate1/gate6/gate3/gate1/gate3/z1 (DO<2>)
     LUT4:I1->O            1   0.704   0.000  gate4/gate4/gate1/gate6/gate1/gate1/gate3/z1 (N548)
     MUXF5:I0->O           2   0.321   0.526  gate4/gate4/gate1/gate6/gate1/gate1/gate3/z_f5 (gate4/gate4/gate1/gate6/Q1)
     LUT3:I1->O            3   0.704   0.566  gate4/gate4/gate1/gate6/gate3/gate1/gate3/z1 (DO<3>)
     LUT3:I2->O            1   0.704   0.000  gate1/gate2/gate1/gate3/gate1/gate3/z1_F (N543)
     MUXF5:I0->O          12   0.321   1.040  gate1/gate2/gate1/gate3/gate1/gate3/z1 (N0)
     LUT2:I1->O            2   0.704   0.482  gate1/gate2/gate3/gate1/gate1/M01 (gate1/gate2/gate3/gate1/gate1/M0)
     LUT3:I2->O           18   0.704   1.243  gate1/gate2/gate3/gate3/gate1/gate3/z1 (AO<3>)
     LUT3:I0->O            8   0.704   0.792  gate2/gate1/gate32/z11 (N4)
     LUT4:I2->O            2   0.704   0.622  gate2/gate1/gate33/z1 (gate2/DEOUT<33>)
     LUT3:I0->O            2   0.704   0.451  gate2/gate2/z<5>LogicTrst1111 (gate2/gate2/N13)
     LUT4:I3->O            1   0.704   0.000  gate2/gate2/z<5>LogicTrst11_wg_lut<5> (N33)
     MUXCY:S->O            2   0.864   0.451  gate2/gate2/z<5>LogicTrst11_wg_cy<5> (gate2/gate2/N5)
     LUT4:I3->O            1   0.704   0.499  gate2/gate2/z<5>LogicTrst19 (gate2/gate2/z<5>LogicTrst1_map5)
     LUT4:I1->O            2   0.704   0.526  gate2/gate2/z<5>LogicTrst122 (N279)
     LUT4:I1->O            1   0.704   0.595  gate2/gate4/gate1/z_not000141 (gate2/gate4/gate1/z_not0001_map15)
     LUT3:I0->O            1   0.704   0.420  gate2/gate4/gate1/z_not000144 (d_5_OBUF)
     OBUF:I->O                 3.272          d_5_OBUF (d<5>)
    ----------------------------------------
    Total                     32.726ns (19.693ns logic, 13.033ns route)
                                       (60.2% logic, 39.8% route)

=========================================================================
CPU : 6.00 / 6.10 s | Elapsed : 6.00 / 6.00 s
 
--> 

Total memory usage is 200080 kilobytes

Number of errors   :    0 (   0 filtered)
Number of warnings :   55 (   0 filtered)
Number of infos    :    0 (   0 filtered)

