Release 9.2i - xst J.36
Copyright (c) 1995-2007 Xilinx, Inc.  All rights reserved.
--> Parameter TMPDIR set to ./xst/projnav.tmp
CPU : 0.00 / 0.43 s | Elapsed : 0.00 / 0.00 s
 
--> Parameter xsthdpdir set to ./xst
CPU : 0.00 / 0.43 s | Elapsed : 0.00 / 0.00 s
 
--> Reading design: eaPC.prj

TABLE OF CONTENTS
  1) Synthesis Options Summary
  2) HDL Compilation
  3) Design Hierarchy Analysis
  4) HDL Analysis
  5) HDL Synthesis
     5.1) HDL Synthesis Report
  6) Advanced HDL Synthesis
     6.1) Advanced HDL Synthesis Report
  7) Low Level Synthesis
  8) Partition Report
  9) Final Report
     9.1) Device utilization summary
     9.2) Partition Resource Summary
     9.3) TIMING REPORT


=========================================================================
*                      Synthesis Options Summary                        *
=========================================================================
---- Source Parameters
Input File Name                    : "eaPC.prj"
Input Format                       : mixed
Ignore Synthesis Constraint File   : NO

---- Target Parameters
Output File Name                   : "eaPC"
Output Format                      : NGC
Target Device                      : xc3s500e-4-fg320

---- Source Options
Top Module Name                    : eaPC
Automatic FSM Extraction           : YES
FSM Encoding Algorithm             : Auto
Safe Implementation                : No
FSM Style                          : lut
RAM Extraction                     : Yes
RAM Style                          : Auto
ROM Extraction                     : Yes
Mux Style                          : Auto
Decoder Extraction                 : YES
Priority Encoder Extraction        : YES
Shift Register Extraction          : YES
Logical Shifter Extraction         : YES
XOR Collapsing                     : YES
ROM Style                          : Auto
Mux Extraction                     : YES
Resource Sharing                   : YES
Asynchronous To Synchronous        : NO
Multiplier Style                   : auto
Automatic Register Balancing       : No

---- Target Options
Add IO Buffers                     : YES
Global Maximum Fanout              : 500
Add Generic Clock Buffer(BUFG)     : 24
Register Duplication               : YES
Slice Packing                      : YES
Optimize Instantiated Primitives   : NO
Use Clock Enable                   : Yes
Use Synchronous Set                : Yes
Use Synchronous Reset              : Yes
Pack IO Registers into IOBs        : auto
Equivalent register Removal        : YES

---- General Options
Optimization Goal                  : Speed
Optimization Effort                : 1
Library Search Order               : eaPC.lso
Keep Hierarchy                     : NO
RTL Output                         : Yes
Global Optimization                : AllClockNets
Read Cores                         : YES
Write Timing Constraints           : NO
Cross Clock Analysis               : NO
Hierarchy Separator                : /
Bus Delimiter                      : <>
Case Specifier                     : maintain
Slice Utilization Ratio            : 100
BRAM Utilization Ratio             : 100
Verilog 2001                       : YES
Auto BRAM Packing                  : NO
Slice Utilization Ratio Delta      : 5

=========================================================================


=========================================================================
*                          HDL Compilation                              *
=========================================================================
Compiling vhdl file "C:/Users/ERIK/Dropbox/cmpen471/projects/ea_pj2b/ea2NAND.vhd" in Library work.
Entity <ea2NAND> compiled.
Entity <ea2NAND> (Architecture <Behavioral>) compiled.
Compiling vhdl file "C:/Users/ERIK/Dropbox/cmpen471/projects/ea_pj2b/eaINVERT.vhd" in Library work.
Entity <eaINVERT> compiled.
Entity <eaINVERT> (Architecture <Behavioral>) compiled.
Compiling vhdl file "C:/Users/ERIK/Dropbox/cmpen471/projects/ea_pj2b/ea3NAND.vhd" in Library work.
Entity <ea3NAND> compiled.
Entity <ea3NAND> (Architecture <Behavioral>) compiled.
Compiling vhdl file "C:/Users/ERIK/Dropbox/cmpen471/projects/ea_pj2b/ea4NAND.vhd" in Library work.
Entity <ea4NAND> compiled.
Entity <ea4NAND> (Architecture <Behavioral>) compiled.
Compiling vhdl file "C:/Users/ERIK/Dropbox/cmpen471/projects/ea_pj2b/ea2to1MUX.vhd" in Library work.
Entity <ea2to1MUX> compiled.
Entity <ea2to1MUX> (Architecture <Behavioral>) compiled.
Compiling vhdl file "C:/Users/ERIK/Dropbox/cmpen471/projects/ea_pj2b/ea1bitadder.vhd" in Library work.
Entity <ea1bitadder> compiled.
Entity <ea1bitadder> (Architecture <Behavioral>) compiled.
Compiling vhdl file "C:/Users/ERIK/Dropbox/cmpen471/projects/ea_pj2b/eaDLatch.vhd" in Library work.
Entity <eaDlatch> compiled.
Entity <eaDlatch> (Architecture <struc>) compiled.
Compiling vhdl file "C:/Users/ERIK/Dropbox/cmpen471/projects/ea_pj2b/ea4bitMUX.vhd" in Library work.
Entity <ea4bitMUX> compiled.
Entity <ea4bitMUX> (Architecture <struct>) compiled.
Compiling vhdl file "C:/Users/ERIK/Dropbox/cmpen471/projects/ea_pj2b/ea4Dlatch.vhd" in Library work.
Entity <ea4Dlatch> compiled.
Entity <ea4Dlatch> (Architecture <Behavioral>) compiled.
Compiling vhdl file "C:/Users/ERIK/Dropbox/cmpen471/projects/ea_pj2b/eaadd4bit.vhd" in Library work.
Entity <eaadd4bit> compiled.
Entity <eaadd4bit> (Architecture <Behavioral>) compiled.
Compiling vhdl file "C:/Users/ERIK/Dropbox/cmpen471/projects/ea_pj2b/eaPC.vhd" in Library work.
Entity <eaPC> compiled.
Entity <eaPC> (Architecture <Behavioral>) compiled.

=========================================================================
*                     Design Hierarchy Analysis                         *
=========================================================================
Analyzing hierarchy for entity <eaPC> in library <work> (architecture <Behavioral>).

Analyzing hierarchy for entity <ea4bitMUX> in library <work> (architecture <struct>).

Analyzing hierarchy for entity <ea4Dlatch> in library <work> (architecture <Behavioral>).

Analyzing hierarchy for entity <eaadd4bit> in library <work> (architecture <Behavioral>).

Analyzing hierarchy for entity <ea2to1MUX> in library <work> (architecture <Behavioral>).

Analyzing hierarchy for entity <eaDlatch> in library <work> (architecture <struc>).

Analyzing hierarchy for entity <ea1bitadder> in library <work> (architecture <Behavioral>).

Analyzing hierarchy for entity <ea2NAND> in library <work> (architecture <Behavioral>).

Analyzing hierarchy for entity <ea2to1MUX> in library <work> (architecture <Behavioral>).

Analyzing hierarchy for entity <eaINVERT> in library <work> (architecture <Behavioral>).

Analyzing hierarchy for entity <ea3NAND> in library <work> (architecture <Behavioral>).

Analyzing hierarchy for entity <ea4NAND> in library <work> (architecture <Behavioral>).

Analyzing hierarchy for entity <ea2NAND> in library <work> (architecture <Behavioral>).


=========================================================================
*                            HDL Analysis                               *
=========================================================================
Analyzing Entity <eaPC> in library <work> (Architecture <Behavioral>).
Entity <eaPC> analyzed. Unit <eaPC> generated.

Analyzing Entity <ea4bitMUX> in library <work> (Architecture <struct>).
Entity <ea4bitMUX> analyzed. Unit <ea4bitMUX> generated.

Analyzing Entity <ea2to1MUX> in library <work> (Architecture <Behavioral>).
Entity <ea2to1MUX> analyzed. Unit <ea2to1MUX> generated.

Analyzing Entity <ea2NAND> in library <work> (Architecture <Behavioral>).
Entity <ea2NAND> analyzed. Unit <ea2NAND> generated.

Analyzing Entity <ea4Dlatch> in library <work> (Architecture <Behavioral>).
Entity <ea4Dlatch> analyzed. Unit <ea4Dlatch> generated.

Analyzing Entity <eaDlatch> in library <work> (Architecture <struc>).
Entity <eaDlatch> analyzed. Unit <eaDlatch> generated.

Analyzing Entity <eaadd4bit> in library <work> (Architecture <Behavioral>).
Entity <eaadd4bit> analyzed. Unit <eaadd4bit> generated.

Analyzing Entity <ea1bitadder> in library <work> (Architecture <Behavioral>).
Entity <ea1bitadder> analyzed. Unit <ea1bitadder> generated.

Analyzing Entity <eaINVERT> in library <work> (Architecture <Behavioral>).
Entity <eaINVERT> analyzed. Unit <eaINVERT> generated.

Analyzing Entity <ea3NAND> in library <work> (Architecture <Behavioral>).
Entity <ea3NAND> analyzed. Unit <ea3NAND> generated.

Analyzing Entity <ea4NAND> in library <work> (Architecture <Behavioral>).
Entity <ea4NAND> analyzed. Unit <ea4NAND> generated.


=========================================================================
*                           HDL Synthesis                               *
=========================================================================

Performing bidirectional port resolution...

Synthesizing Unit <ea2NAND>.
    Related source file is "C:/Users/ERIK/Dropbox/cmpen471/projects/ea_pj2b/ea2NAND.vhd".
Unit <ea2NAND> synthesized.


Synthesizing Unit <eaINVERT>.
    Related source file is "C:/Users/ERIK/Dropbox/cmpen471/projects/ea_pj2b/eaINVERT.vhd".
Unit <eaINVERT> synthesized.


Synthesizing Unit <ea3NAND>.
    Related source file is "C:/Users/ERIK/Dropbox/cmpen471/projects/ea_pj2b/ea3NAND.vhd".
Unit <ea3NAND> synthesized.


Synthesizing Unit <ea4NAND>.
    Related source file is "C:/Users/ERIK/Dropbox/cmpen471/projects/ea_pj2b/ea4NAND.vhd".
Unit <ea4NAND> synthesized.


Synthesizing Unit <ea2to1MUX>.
    Related source file is "C:/Users/ERIK/Dropbox/cmpen471/projects/ea_pj2b/ea2to1MUX.vhd".
WARNING:Xst:653 - Signal <s_n> is used but never assigned. Tied to value 0.
Unit <ea2to1MUX> synthesized.


Synthesizing Unit <ea1bitadder>.
    Related source file is "C:/Users/ERIK/Dropbox/cmpen471/projects/ea_pj2b/ea1bitadder.vhd".
Unit <ea1bitadder> synthesized.


Synthesizing Unit <ea4bitMUX>.
    Related source file is "C:/Users/ERIK/Dropbox/cmpen471/projects/ea_pj2b/ea4bitMUX.vhd".
WARNING:Xst:1780 - Signal <M2> is never used or assigned.
WARNING:Xst:1780 - Signal <M3> is never used or assigned.
WARNING:Xst:1780 - Signal <M4> is never used or assigned.
Unit <ea4bitMUX> synthesized.


Synthesizing Unit <eaadd4bit>.
    Related source file is "C:/Users/ERIK/Dropbox/cmpen471/projects/ea_pj2b/eaadd4bit.vhd".
Unit <eaadd4bit> synthesized.


Synthesizing Unit <eaDlatch>.
    Related source file is "C:/Users/ERIK/Dropbox/cmpen471/projects/ea_pj2b/eaDLatch.vhd".
Unit <eaDlatch> synthesized.


Synthesizing Unit <ea4Dlatch>.
    Related source file is "C:/Users/ERIK/Dropbox/cmpen471/projects/ea_pj2b/ea4Dlatch.vhd".
Unit <ea4Dlatch> synthesized.


Synthesizing Unit <eaPC>.
    Related source file is "C:/Users/ERIK/Dropbox/cmpen471/projects/ea_pj2b/eaPC.vhd".
WARNING:Xst:1306 - Output <SUM> is never assigned.
WARNING:Xst:647 - Input <Cin> is never used.
WARNING:Xst:653 - Signal <C3> is used but never assigned. Tied to value 0.
WARNING:Xst:653 - Signal <A0> is used but never assigned. Tied to value 0.
WARNING:Xst:653 - Signal <A1> is used but never assigned. Tied to value 0.
WARNING:Xst:653 - Signal <A2> is used but never assigned. Tied to value 0.
WARNING:Xst:653 - Signal <A3> is used but never assigned. Tied to value 0.
WARNING:Xst:653 - Signal <C0> is used but never assigned. Tied to value 0.
WARNING:Xst:653 - Signal <C1> is used but never assigned. Tied to value 0.
WARNING:Xst:653 - Signal <C2> is used but never assigned. Tied to value 0.
Unit <eaPC> synthesized.


=========================================================================
HDL Synthesis Report

Found no macro
=========================================================================

=========================================================================
*                       Advanced HDL Synthesis                          *
=========================================================================

Loading device for application Rf_Device from file '3s500e.nph' in environment C:\Xilinx92i.
WARNING:Xst:1290 - Hierarchical block <gate1> is unconnected in block <gate1>.
   It will be removed from the design.
WARNING:Xst:1290 - Hierarchical block <gate1> is unconnected in block <gate2>.
   It will be removed from the design.
WARNING:Xst:1290 - Hierarchical block <gate1> is unconnected in block <gate3>.
   It will be removed from the design.
WARNING:Xst:1290 - Hierarchical block <gate1> is unconnected in block <gate4>.
   It will be removed from the design.
WARNING:Xst:1290 - Hierarchical block <gate1> is unconnected in block <gate1>.
   It will be removed from the design.
WARNING:Xst:1290 - Hierarchical block <gate1> is unconnected in block <gate1>.
   It will be removed from the design.
WARNING:Xst:1290 - Hierarchical block <gate1> is unconnected in block <gate1>.
   It will be removed from the design.
WARNING:Xst:1290 - Hierarchical block <gate1> is unconnected in block <gate1>.
   It will be removed from the design.
WARNING:Xst:1290 - Hierarchical block <gate1> is unconnected in block <gate1>.
   It will be removed from the design.
WARNING:Xst:1290 - Hierarchical block <gate2> is unconnected in block <gate1>.
   It will be removed from the design.
WARNING:Xst:1290 - Hierarchical block <gate3> is unconnected in block <gate1>.
   It will be removed from the design.
WARNING:Xst:1290 - Hierarchical block <gate4> is unconnected in block <gate1>.
   It will be removed from the design.
WARNING:Xst:1290 - Hierarchical block <gate5> is unconnected in block <gate1>.
   It will be removed from the design.
WARNING:Xst:1290 - Hierarchical block <gate6> is unconnected in block <gate1>.
   It will be removed from the design.
WARNING:Xst:1290 - Hierarchical block <gate8> is unconnected in block <gate1>.
   It will be removed from the design.
WARNING:Xst:1290 - Hierarchical block <gate10> is unconnected in block <gate1>.
   It will be removed from the design.
WARNING:Xst:1290 - Hierarchical block <gate11> is unconnected in block <gate1>.
   It will be removed from the design.
WARNING:Xst:1290 - Hierarchical block <gate1> is unconnected in block <gate2>.
   It will be removed from the design.
WARNING:Xst:1290 - Hierarchical block <gate2> is unconnected in block <gate2>.
   It will be removed from the design.
WARNING:Xst:1290 - Hierarchical block <gate3> is unconnected in block <gate2>.
   It will be removed from the design.
WARNING:Xst:1290 - Hierarchical block <gate4> is unconnected in block <gate2>.
   It will be removed from the design.
WARNING:Xst:1290 - Hierarchical block <gate5> is unconnected in block <gate2>.
   It will be removed from the design.
WARNING:Xst:1290 - Hierarchical block <gate6> is unconnected in block <gate2>.
   It will be removed from the design.
WARNING:Xst:1290 - Hierarchical block <gate7> is unconnected in block <gate2>.
   It will be removed from the design.
WARNING:Xst:1290 - Hierarchical block <gate8> is unconnected in block <gate2>.
   It will be removed from the design.
WARNING:Xst:1290 - Hierarchical block <gate10> is unconnected in block <gate2>.
   It will be removed from the design.
WARNING:Xst:1290 - Hierarchical block <gate11> is unconnected in block <gate2>.
   It will be removed from the design.
WARNING:Xst:1290 - Hierarchical block <gate1> is unconnected in block <gate3>.
   It will be removed from the design.
WARNING:Xst:1290 - Hierarchical block <gate2> is unconnected in block <gate3>.
   It will be removed from the design.
WARNING:Xst:1290 - Hierarchical block <gate3> is unconnected in block <gate3>.
   It will be removed from the design.
WARNING:Xst:1290 - Hierarchical block <gate4> is unconnected in block <gate3>.
   It will be removed from the design.
WARNING:Xst:1290 - Hierarchical block <gate5> is unconnected in block <gate3>.
   It will be removed from the design.
WARNING:Xst:1290 - Hierarchical block <gate6> is unconnected in block <gate3>.
   It will be removed from the design.
WARNING:Xst:1290 - Hierarchical block <gate7> is unconnected in block <gate3>.
   It will be removed from the design.
WARNING:Xst:1290 - Hierarchical block <gate8> is unconnected in block <gate3>.
   It will be removed from the design.
WARNING:Xst:1290 - Hierarchical block <gate10> is unconnected in block <gate3>.
   It will be removed from the design.
WARNING:Xst:1290 - Hierarchical block <gate11> is unconnected in block <gate3>.
   It will be removed from the design.
WARNING:Xst:1290 - Hierarchical block <gate1> is unconnected in block <gate4>.
   It will be removed from the design.
WARNING:Xst:1290 - Hierarchical block <gate2> is unconnected in block <gate4>.
   It will be removed from the design.
WARNING:Xst:1290 - Hierarchical block <gate3> is unconnected in block <gate4>.
   It will be removed from the design.
WARNING:Xst:1290 - Hierarchical block <gate4> is unconnected in block <gate4>.
   It will be removed from the design.
WARNING:Xst:1290 - Hierarchical block <gate5> is unconnected in block <gate4>.
   It will be removed from the design.
WARNING:Xst:1290 - Hierarchical block <gate6> is unconnected in block <gate4>.
   It will be removed from the design.
WARNING:Xst:1290 - Hierarchical block <gate7> is unconnected in block <gate4>.
   It will be removed from the design.
WARNING:Xst:1290 - Hierarchical block <gate8> is unconnected in block <gate4>.
   It will be removed from the design.
WARNING:Xst:1290 - Hierarchical block <gate10> is unconnected in block <gate4>.
   It will be removed from the design.
WARNING:Xst:1290 - Hierarchical block <gate11> is unconnected in block <gate4>.
   It will be removed from the design.

=========================================================================
Advanced HDL Synthesis Report

Found no macro
=========================================================================

=========================================================================
*                         Low Level Synthesis                           *
=========================================================================
WARNING:Xst:2170 - Unit eaPC : the following signal(s) form a combinatorial loop: gate2/gate2/gate1/M1.
WARNING:Xst:2170 - Unit eaPC : the following signal(s) form a combinatorial loop: gate2/gate1/gate1/M1.
WARNING:Xst:2170 - Unit eaPC : the following signal(s) form a combinatorial loop: gate2/gate3/gate1/M1.
WARNING:Xst:2170 - Unit eaPC : the following signal(s) form a combinatorial loop: gate2/gate4/gate1/M1.

Optimizing unit <eaPC> ...

Mapping all equations...
Building and optimizing final netlist ...
Found area constraint ratio of 100 (+ 5) on block eaPC, actual ratio is 0.

Final Macro Processing ...

=========================================================================
Final Register Report

Found no macro
=========================================================================

=========================================================================
*                          Partition Report                             *
=========================================================================

Partition Implementation Status
-------------------------------

  No Partitions were found in this design.

-------------------------------

=========================================================================
*                            Final Report                               *
=========================================================================
Final Results
RTL Top Level Output File Name     : eaPC.ngr
Top Level Output File Name         : eaPC
Output Format                      : NGC
Optimization Goal                  : Speed
Keep Hierarchy                     : NO

Design Statistics
# IOs                              : 20

Cell Usage :
# BELS                             : 13
#      GND                         : 1
#      LUT2                        : 12
# IO Buffers                       : 15
#      IBUF                        : 6
#      OBUF                        : 9
=========================================================================

Device utilization summary:
---------------------------

Selected Device : 3s500efg320-4 

 Number of Slices:                       7  out of   4656     0%  
 Number of 4 input LUTs:                12  out of   9312     0%  
 Number of IOs:                         20
 Number of bonded IOBs:                 15  out of    232     6%  

---------------------------
Partition Resource Summary:
---------------------------

  No Partitions were found in this design.

---------------------------


=========================================================================
TIMING REPORT

NOTE: THESE TIMING NUMBERS ARE ONLY A SYNTHESIS ESTIMATE.
      FOR ACCURATE TIMING INFORMATION PLEASE REFER TO THE TRACE REPORT
      GENERATED AFTER PLACE-and-ROUTE.

Clock Information:
------------------
No clock signals found in this design

Asynchronous Control Signals Information:
----------------------------------------
No asynchronous control signals found in this design

Timing Summary:
---------------
Speed Grade: -4

   Minimum period: No path found
   Minimum input arrival time before clock: No path found
   Maximum output required time after clock: No path found
   Maximum combinational path delay: 7.680ns

Timing Detail:
--------------
All values displayed in nanoseconds (ns)

=========================================================================
Timing constraint: Default path analysis
  Total number of paths / destination ports: 16 / 8
-------------------------------------------------------------------------
Delay:               7.680ns (Levels of Logic = 4)
  Source:            CLK (PAD)
  Destination:       A<3> (PAD)

  Data Path: CLK to A<3>
                                Gate     Net
    Cell:in->out      fanout   Delay   Delay  Logical Name (Net Name)
    ----------------------------------------  ------------
     IBUF:I->O             8   1.218   0.836  CLK_IBUF (CLK_IBUF)
     LUT2:I1->O            2   0.704   0.526  gate2/gate4/gate1/gate2/z1 (gate2/gate4/gate1/M1)
     LUT2:I1->O            1   0.704   0.420  gate2/gate4/gate1/gate3/z1 (A_0_OBUF)
     OBUF:I->O                 3.272          A_0_OBUF (A<0>)
    ----------------------------------------
    Total                      7.680ns (5.898ns logic, 1.782ns route)
                                       (76.8% logic, 23.2% route)

=========================================================================
CPU : 15.29 / 15.91 s | Elapsed : 16.00 / 16.00 s
 
--> 

Total memory usage is 188020 kilobytes

Number of errors   :    0 (   0 filtered)
Number of warnings :   65 (   0 filtered)
Number of infos    :    0 (   0 filtered)

